[ 2017-11-17T08:46:46+08:00 ] 127.0.0.1 /thinkphp/
INFO: [ app_init ] --START--
INFO: Run Behavior\BuildLiteBehavior [ RunTime:0.000000s ]
INFO: [ app_init ] --END-- [ RunTime:0.000000s ]
INFO: [ app_begin ] --START--
INFO: Run Behavior\ReadHtmlCacheBehavior [ RunTime:0.011001s ]
INFO: [ app_begin ] --END-- [ RunTime:0.011001s ]
INFO: [ view_parse ] --START--
INFO: [ template_filter ] --START--
INFO: Run Behavior\ContentReplaceBehavior [ RunTime:0.016001s ]
INFO: [ template_filter ] --END-- [ RunTime:0.016001s ]
NOTIC: [8] Undefined variable: __SERVERTIME__ D:\BHXZ\BHWebServer\Apache24\htdocs\thinkphp\Application\Runtime\Cache\Resume\36241f09d873d9dddc2f9ec1705382f4.php 第 40 行.
INFO: Run Behavior\ParseTemplateBehavior [ RunTime:0.102006s ]
INFO: [ view_parse ] --END-- [ RunTime:0.102006s ]
INFO: [ view_filter ] --START--
INFO: Run Behavior\WriteHtmlCacheBehavior [ RunTime:0.001000s ]
INFO: [ view_filter ] --END-- [ RunTime:0.001000s ]
INFO: [ app_end ] --START--
INFO: Run Behavior\ShowPageTraceBehavior [ RunTime:0.002000s ]
INFO: [ app_end ] --END-- [ RunTime:0.002000s ]

[ 2017-11-17T09:19:09+08:00 ] 127.0.0.1 /thinkphp/
INFO: [ app_init ] --START--
INFO: Run Behavior\BuildLiteBehavior [ RunTime:0.000000s ]
INFO: [ app_init ] --END-- [ RunTime:0.000000s ]
INFO: [ app_begin ] --START--
INFO: Run Behavior\ReadHtmlCacheBehavior [ RunTime:0.000000s ]
INFO: [ app_begin ] --END-- [ RunTime:0.000000s ]
INFO: [ view_parse ] --START--
INFO: [ template_filter ] --START--
INFO: Run Behavior\ContentReplaceBehavior [ RunTime:0.000000s ]
INFO: [ template_filter ] --END-- [ RunTime:0.000000s ]
NOTIC: [8] Undefined variable: __SERVERTIME__ D:\BHXZ\BHWebServer\Apache24\htdocs\thinkphp\Application\Runtime\Cache\Resume\36241f09d873d9dddc2f9ec1705382f4.php 第 40 行.
INFO: Run Behavior\ParseTemplateBehavior [ RunTime:0.008001s ]
INFO: [ view_parse ] --END-- [ RunTime:0.008001s ]
INFO: [ view_filter ] --START--
INFO: Run Behavior\WriteHtmlCacheBehavior [ RunTime:0.001000s ]
INFO: [ view_filter ] --END-- [ RunTime:0.001000s ]
INFO: [ app_end ] --START--
INFO: Run Behavior\ShowPageTraceBehavior [ RunTime:0.000000s ]
INFO: [ app_end ] --END-- [ RunTime:0.000000s ]

[ 2017-11-17T09:19:22+08:00 ] 127.0.0.1 /thinkphp/index.php/Resume/Index/fileUpload/Fri%20Nov%2017%202017%2009:19:09%20GMT+0800%20(%E4%B8%AD%E5%9B%BD%E6%A0%87%E5%87%86%E6%97%B6%E9%97%B4)
INFO: [ app_init ] --START--
INFO: Run Behavior\BuildLiteBehavior [ RunTime:0.000000s ]
INFO: [ app_init ] --END-- [ RunTime:0.000000s ]
INFO: [ app_begin ] --START--
INFO: Run Behavior\ReadHtmlCacheBehavior [ RunTime:0.001000s ]
INFO: [ app_begin ] --END-- [ RunTime:0.001000s ]
NOTIC: [2] set_time_limit() expects exactly 1 parameter, 0 given D:\BHXZ\BHWebServer\Apache24\htdocs\thinkphp\Application\Resume\Controller\IndexController.class.php 第 12 行.

[ 2017-11-17T09:19:23+08:00 ] 127.0.0.1 /thinkphp/index.php/Resume/Index/fileUpload/Fri%20Nov%2017%202017%2009:19:09%20GMT+0800%20(%E4%B8%AD%E5%9B%BD%E6%A0%87%E5%87%86%E6%97%B6%E9%97%B4)
INFO: [ app_init ] --START--
INFO: Run Behavior\BuildLiteBehavior [ RunTime:0.000000s ]
INFO: [ app_init ] --END-- [ RunTime:0.000000s ]
INFO: [ app_begin ] --START--
INFO: Run Behavior\ReadHtmlCacheBehavior [ RunTime:0.001000s ]
INFO: [ app_begin ] --END-- [ RunTime:0.001000s ]
NOTIC: [2] set_time_limit() expects exactly 1 parameter, 0 given D:\BHXZ\BHWebServer\Apache24\htdocs\thinkphp\Application\Resume\Controller\IndexController.class.php 第 12 行.

[ 2017-11-17T09:19:23+08:00 ] 127.0.0.1 /thinkphp/index.php/Resume/Index/fileUpload/Fri%20Nov%2017%202017%2009:19:09%20GMT+0800%20(%E4%B8%AD%E5%9B%BD%E6%A0%87%E5%87%86%E6%97%B6%E9%97%B4)
INFO: [ app_init ] --START--
INFO: Run Behavior\BuildLiteBehavior [ RunTime:0.000000s ]
INFO: [ app_init ] --END-- [ RunTime:0.000000s ]
INFO: [ app_begin ] --START--
INFO: Run Behavior\ReadHtmlCacheBehavior [ RunTime:0.000000s ]
INFO: [ app_begin ] --END-- [ RunTime:0.000000s ]
NOTIC: [2] set_time_limit() expects exactly 1 parameter, 0 given D:\BHXZ\BHWebServer\Apache24\htdocs\thinkphp\Application\Resume\Controller\IndexController.class.php 第 12 行.

[ 2017-11-17T09:19:23+08:00 ] 127.0.0.1 /thinkphp/index.php/Resume/Index/fileUpload/Fri%20Nov%2017%202017%2009:19:09%20GMT+0800%20(%E4%B8%AD%E5%9B%BD%E6%A0%87%E5%87%86%E6%97%B6%E9%97%B4)
INFO: [ app_init ] --START--
INFO: Run Behavior\BuildLiteBehavior [ RunTime:0.000000s ]
INFO: [ app_init ] --END-- [ RunTime:0.000000s ]
INFO: [ app_begin ] --START--
INFO: Run Behavior\ReadHtmlCacheBehavior [ RunTime:0.000000s ]
INFO: [ app_begin ] --END-- [ RunTime:0.000000s ]
NOTIC: [2] set_time_limit() expects exactly 1 parameter, 0 given D:\BHXZ\BHWebServer\Apache24\htdocs\thinkphp\Application\Resume\Controller\IndexController.class.php 第 12 行.

[ 2017-11-17T09:19:23+08:00 ] 127.0.0.1 /thinkphp/index.php/Resume/Index/fileUpload/Fri%20Nov%2017%202017%2009:19:09%20GMT+0800%20(%E4%B8%AD%E5%9B%BD%E6%A0%87%E5%87%86%E6%97%B6%E9%97%B4)
INFO: [ app_init ] --START--
INFO: Run Behavior\BuildLiteBehavior [ RunTime:0.000000s ]
INFO: [ app_init ] --END-- [ RunTime:0.000000s ]
INFO: [ app_begin ] --START--
INFO: Run Behavior\ReadHtmlCacheBehavior [ RunTime:0.000000s ]
INFO: [ app_begin ] --END-- [ RunTime:0.000000s ]
NOTIC: [2] set_time_limit() expects exactly 1 parameter, 0 given D:\BHXZ\BHWebServer\Apache24\htdocs\thinkphp\Application\Resume\Controller\IndexController.class.php 第 12 行.

[ 2017-11-17T09:19:23+08:00 ] 127.0.0.1 /thinkphp/index.php/Resume/Index/fileUpload/Fri%20Nov%2017%202017%2009:19:09%20GMT+0800%20(%E4%B8%AD%E5%9B%BD%E6%A0%87%E5%87%86%E6%97%B6%E9%97%B4)
INFO: [ app_init ] --START--
INFO: Run Behavior\BuildLiteBehavior [ RunTime:0.000000s ]
INFO: [ app_init ] --END-- [ RunTime:0.000000s ]
INFO: [ app_begin ] --START--
INFO: Run Behavior\ReadHtmlCacheBehavior [ RunTime:0.001000s ]
INFO: [ app_begin ] --END-- [ RunTime:0.001000s ]
NOTIC: [2] set_time_limit() expects exactly 1 parameter, 0 given D:\BHXZ\BHWebServer\Apache24\htdocs\thinkphp\Application\Resume\Controller\IndexController.class.php 第 12 行.

[ 2017-11-17T09:19:23+08:00 ] 127.0.0.1 /thinkphp/index.php/Resume/Index/fileUpload/Fri%20Nov%2017%202017%2009:19:09%20GMT+0800%20(%E4%B8%AD%E5%9B%BD%E6%A0%87%E5%87%86%E6%97%B6%E9%97%B4)
INFO: [ app_init ] --START--
INFO: Run Behavior\BuildLiteBehavior [ RunTime:0.000000s ]
INFO: [ app_init ] --END-- [ RunTime:0.000000s ]
INFO: [ app_begin ] --START--
INFO: Run Behavior\ReadHtmlCacheBehavior [ RunTime:0.001000s ]
INFO: [ app_begin ] --END-- [ RunTime:0.001000s ]
NOTIC: [2] set_time_limit() expects exactly 1 parameter, 0 given D:\BHXZ\BHWebServer\Apache24\htdocs\thinkphp\Application\Resume\Controller\IndexController.class.php 第 12 行.

[ 2017-11-17T09:19:23+08:00 ] 127.0.0.1 /thinkphp/index.php/Resume/Index/fileUpload/Fri%20Nov%2017%202017%2009:19:09%20GMT+0800%20(%E4%B8%AD%E5%9B%BD%E6%A0%87%E5%87%86%E6%97%B6%E9%97%B4)
INFO: [ app_init ] --START--
INFO: Run Behavior\BuildLiteBehavior [ RunTime:0.000000s ]
INFO: [ app_init ] --END-- [ RunTime:0.000000s ]
INFO: [ app_begin ] --START--
INFO: Run Behavior\ReadHtmlCacheBehavior [ RunTime:0.000000s ]
INFO: [ app_begin ] --END-- [ RunTime:0.000000s ]
NOTIC: [2] set_time_limit() expects exactly 1 parameter, 0 given D:\BHXZ\BHWebServer\Apache24\htdocs\thinkphp\Application\Resume\Controller\IndexController.class.php 第 12 行.

[ 2017-11-17T09:19:23+08:00 ] 127.0.0.1 /thinkphp/index.php/Resume/Index/fileUpload/Fri%20Nov%2017%202017%2009:19:09%20GMT+0800%20(%E4%B8%AD%E5%9B%BD%E6%A0%87%E5%87%86%E6%97%B6%E9%97%B4)
INFO: [ app_init ] --START--
INFO: Run Behavior\BuildLiteBehavior [ RunTime:0.000000s ]
INFO: [ app_init ] --END-- [ RunTime:0.000000s ]
INFO: [ app_begin ] --START--
INFO: Run Behavior\ReadHtmlCacheBehavior [ RunTime:0.001000s ]
INFO: [ app_begin ] --END-- [ RunTime:0.001000s ]
NOTIC: [2] set_time_limit() expects exactly 1 parameter, 0 given D:\BHXZ\BHWebServer\Apache24\htdocs\thinkphp\Application\Resume\Controller\IndexController.class.php 第 12 行.

[ 2017-11-17T09:19:23+08:00 ] 127.0.0.1 /thinkphp/index.php/Resume/Index/fileUpload/Fri%20Nov%2017%202017%2009:19:09%20GMT+0800%20(%E4%B8%AD%E5%9B%BD%E6%A0%87%E5%87%86%E6%97%B6%E9%97%B4)
INFO: [ app_init ] --START--
INFO: Run Behavior\BuildLiteBehavior [ RunTime:0.000000s ]
INFO: [ app_init ] --END-- [ RunTime:0.000000s ]
INFO: [ app_begin ] --START--
INFO: Run Behavior\ReadHtmlCacheBehavior [ RunTime:0.001000s ]
INFO: [ app_begin ] --END-- [ RunTime:0.001000s ]
NOTIC: [2] set_time_limit() expects exactly 1 parameter, 0 given D:\BHXZ\BHWebServer\Apache24\htdocs\thinkphp\Application\Resume\Controller\IndexController.class.php 第 12 行.

[ 2017-11-17T09:19:23+08:00 ] 127.0.0.1 /thinkphp/index.php/Resume/Index/fileUpload/Fri%20Nov%2017%202017%2009:19:09%20GMT+0800%20(%E4%B8%AD%E5%9B%BD%E6%A0%87%E5%87%86%E6%97%B6%E9%97%B4)
INFO: [ app_init ] --START--
INFO: Run Behavior\BuildLiteBehavior [ RunTime:0.000000s ]
INFO: [ app_init ] --END-- [ RunTime:0.000000s ]
INFO: [ app_begin ] --START--
INFO: Run Behavior\ReadHtmlCacheBehavior [ RunTime:0.000000s ]
INFO: [ app_begin ] --END-- [ RunTime:0.001000s ]
NOTIC: [2] set_time_limit() expects exactly 1 parameter, 0 given D:\BHXZ\BHWebServer\Apache24\htdocs\thinkphp\Application\Resume\Controller\IndexController.class.php 第 12 行.

[ 2017-11-17T09:19:23+08:00 ] 127.0.0.1 /thinkphp/index.php/Resume/Index/fileUpload/Fri%20Nov%2017%202017%2009:19:09%20GMT+0800%20(%E4%B8%AD%E5%9B%BD%E6%A0%87%E5%87%86%E6%97%B6%E9%97%B4)
INFO: [ app_init ] --START--
INFO: Run Behavior\BuildLiteBehavior [ RunTime:0.000000s ]
INFO: [ app_init ] --END-- [ RunTime:0.000000s ]
INFO: [ app_begin ] --START--
INFO: Run Behavior\ReadHtmlCacheBehavior [ RunTime:0.001000s ]
INFO: [ app_begin ] --END-- [ RunTime:0.001000s ]
NOTIC: [2] set_time_limit() expects exactly 1 parameter, 0 given D:\BHXZ\BHWebServer\Apache24\htdocs\thinkphp\Application\Resume\Controller\IndexController.class.php 第 12 行.

[ 2017-11-17T09:19:23+08:00 ] 127.0.0.1 /thinkphp/index.php/Resume/Index/fileUpload/Fri%20Nov%2017%202017%2009:19:09%20GMT+0800%20(%E4%B8%AD%E5%9B%BD%E6%A0%87%E5%87%86%E6%97%B6%E9%97%B4)
INFO: [ app_init ] --START--
INFO: Run Behavior\BuildLiteBehavior [ RunTime:0.000000s ]
INFO: [ app_init ] --END-- [ RunTime:0.000000s ]
INFO: [ app_begin ] --START--
INFO: Run Behavior\ReadHtmlCacheBehavior [ RunTime:0.000000s ]
INFO: [ app_begin ] --END-- [ RunTime:0.001000s ]
NOTIC: [2] set_time_limit() expects exactly 1 parameter, 0 given D:\BHXZ\BHWebServer\Apache24\htdocs\thinkphp\Application\Resume\Controller\IndexController.class.php 第 12 行.

[ 2017-11-17T09:19:23+08:00 ] 127.0.0.1 /thinkphp/index.php/Resume/Index/fileUpload/Fri%20Nov%2017%202017%2009:19:09%20GMT+0800%20(%E4%B8%AD%E5%9B%BD%E6%A0%87%E5%87%86%E6%97%B6%E9%97%B4)
INFO: [ app_init ] --START--
INFO: Run Behavior\BuildLiteBehavior [ RunTime:0.000000s ]
INFO: [ app_init ] --END-- [ RunTime:0.000000s ]
INFO: [ app_begin ] --START--
INFO: Run Behavior\ReadHtmlCacheBehavior [ RunTime:0.000000s ]
INFO: [ app_begin ] --END-- [ RunTime:0.000000s ]
NOTIC: [2] set_time_limit() expects exactly 1 parameter, 0 given D:\BHXZ\BHWebServer\Apache24\htdocs\thinkphp\Application\Resume\Controller\IndexController.class.php 第 12 行.

[ 2017-11-17T09:19:23+08:00 ] 127.0.0.1 /thinkphp/index.php/Resume/Index/fileUpload/Fri%20Nov%2017%202017%2009:19:09%20GMT+0800%20(%E4%B8%AD%E5%9B%BD%E6%A0%87%E5%87%86%E6%97%B6%E9%97%B4)
INFO: [ app_init ] --START--
INFO: Run Behavior\BuildLiteBehavior [ RunTime:0.000000s ]
INFO: [ app_init ] --END-- [ RunTime:0.000000s ]
INFO: [ app_begin ] --START--
INFO: Run Behavior\ReadHtmlCacheBehavior [ RunTime:0.001000s ]
INFO: [ app_begin ] --END-- [ RunTime:0.001000s ]
NOTIC: [2] set_time_limit() expects exactly 1 parameter, 0 given D:\BHXZ\BHWebServer\Apache24\htdocs\thinkphp\Application\Resume\Controller\IndexController.class.php 第 12 行.

[ 2017-11-17T09:19:23+08:00 ] 127.0.0.1 /thinkphp/index.php/Resume/Index/fileUpload/Fri%20Nov%2017%202017%2009:19:09%20GMT+0800%20(%E4%B8%AD%E5%9B%BD%E6%A0%87%E5%87%86%E6%97%B6%E9%97%B4)
INFO: [ app_init ] --START--
INFO: Run Behavior\BuildLiteBehavior [ RunTime:0.000000s ]
INFO: [ app_init ] --END-- [ RunTime:0.000000s ]
INFO: [ app_begin ] --START--
INFO: Run Behavior\ReadHtmlCacheBehavior [ RunTime:0.000000s ]
INFO: [ app_begin ] --END-- [ RunTime:0.000000s ]
NOTIC: [2] set_time_limit() expects exactly 1 parameter, 0 given D:\BHXZ\BHWebServer\Apache24\htdocs\thinkphp\Application\Resume\Controller\IndexController.class.php 第 12 行.

[ 2017-11-17T09:19:24+08:00 ] 127.0.0.1 /thinkphp/index.php/Resume/Index/fileUpload/Fri%20Nov%2017%202017%2009:19:09%20GMT+0800%20(%E4%B8%AD%E5%9B%BD%E6%A0%87%E5%87%86%E6%97%B6%E9%97%B4)
INFO: [ app_init ] --START--
INFO: Run Behavior\BuildLiteBehavior [ RunTime:0.000000s ]
INFO: [ app_init ] --END-- [ RunTime:0.001000s ]
INFO: [ app_begin ] --START--
INFO: Run Behavior\ReadHtmlCacheBehavior [ RunTime:0.000000s ]
INFO: [ app_begin ] --END-- [ RunTime:0.000000s ]
NOTIC: [2] set_time_limit() expects exactly 1 parameter, 0 given D:\BHXZ\BHWebServer\Apache24\htdocs\thinkphp\Application\Resume\Controller\IndexController.class.php 第 12 行.

[ 2017-11-17T09:19:24+08:00 ] 127.0.0.1 /thinkphp/index.php/Resume/Index/fileUpload/Fri%20Nov%2017%202017%2009:19:09%20GMT+0800%20(%E4%B8%AD%E5%9B%BD%E6%A0%87%E5%87%86%E6%97%B6%E9%97%B4)
INFO: [ app_init ] --START--
INFO: Run Behavior\BuildLiteBehavior [ RunTime:0.000000s ]
INFO: [ app_init ] --END-- [ RunTime:0.000000s ]
INFO: [ app_begin ] --START--
INFO: Run Behavior\ReadHtmlCacheBehavior [ RunTime:0.001000s ]
INFO: [ app_begin ] --END-- [ RunTime:0.001000s ]
NOTIC: [2] set_time_limit() expects exactly 1 parameter, 0 given D:\BHXZ\BHWebServer\Apache24\htdocs\thinkphp\Application\Resume\Controller\IndexController.class.php 第 12 行.

[ 2017-11-17T09:19:24+08:00 ] 127.0.0.1 /thinkphp/index.php/Resume/Index/fileUpload/Fri%20Nov%2017%202017%2009:19:09%20GMT+0800%20(%E4%B8%AD%E5%9B%BD%E6%A0%87%E5%87%86%E6%97%B6%E9%97%B4)
INFO: [ app_init ] --START--
INFO: Run Behavior\BuildLiteBehavior [ RunTime:0.000000s ]
INFO: [ app_init ] --END-- [ RunTime:0.000000s ]
INFO: [ app_begin ] --START--
INFO: Run Behavior\ReadHtmlCacheBehavior [ RunTime:0.000000s ]
INFO: [ app_begin ] --END-- [ RunTime:0.000000s ]
NOTIC: [2] set_time_limit() expects exactly 1 parameter, 0 given D:\BHXZ\BHWebServer\Apache24\htdocs\thinkphp\Application\Resume\Controller\IndexController.class.php 第 12 行.

[ 2017-11-17T09:19:24+08:00 ] 127.0.0.1 /thinkphp/index.php/Resume/Index/fileUpload/Fri%20Nov%2017%202017%2009:19:09%20GMT+0800%20(%E4%B8%AD%E5%9B%BD%E6%A0%87%E5%87%86%E6%97%B6%E9%97%B4)
INFO: [ app_init ] --START--
INFO: Run Behavior\BuildLiteBehavior [ RunTime:0.000000s ]
INFO: [ app_init ] --END-- [ RunTime:0.000000s ]
INFO: [ app_begin ] --START--
INFO: Run Behavior\ReadHtmlCacheBehavior [ RunTime:0.000000s ]
INFO: [ app_begin ] --END-- [ RunTime:0.000000s ]
NOTIC: [2] set_time_limit() expects exactly 1 parameter, 0 given D:\BHXZ\BHWebServer\Apache24\htdocs\thinkphp\Application\Resume\Controller\IndexController.class.php 第 12 行.

[ 2017-11-17T09:19:24+08:00 ] 127.0.0.1 /thinkphp/index.php/Resume/Index/fileUpload/Fri%20Nov%2017%202017%2009:19:09%20GMT+0800%20(%E4%B8%AD%E5%9B%BD%E6%A0%87%E5%87%86%E6%97%B6%E9%97%B4)
INFO: [ app_init ] --START--
INFO: Run Behavior\BuildLiteBehavior [ RunTime:0.000000s ]
INFO: [ app_init ] --END-- [ RunTime:0.000000s ]
INFO: [ app_begin ] --START--
INFO: Run Behavior\ReadHtmlCacheBehavior [ RunTime:0.001000s ]
INFO: [ app_begin ] --END-- [ RunTime:0.001000s ]
NOTIC: [2] set_time_limit() expects exactly 1 parameter, 0 given D:\BHXZ\BHWebServer\Apache24\htdocs\thinkphp\Application\Resume\Controller\IndexController.class.php 第 12 行.

[ 2017-11-17T09:19:24+08:00 ] 127.0.0.1 /thinkphp/index.php/Resume/Index/fileUpload/Fri%20Nov%2017%202017%2009:19:09%20GMT+0800%20(%E4%B8%AD%E5%9B%BD%E6%A0%87%E5%87%86%E6%97%B6%E9%97%B4)
INFO: [ app_init ] --START--
INFO: Run Behavior\BuildLiteBehavior [ RunTime:0.000000s ]
INFO: [ app_init ] --END-- [ RunTime:0.000000s ]
INFO: [ app_begin ] --START--
INFO: Run Behavior\ReadHtmlCacheBehavior [ RunTime:0.000000s ]
INFO: [ app_begin ] --END-- [ RunTime:0.000000s ]
NOTIC: [2] set_time_limit() expects exactly 1 parameter, 0 given D:\BHXZ\BHWebServer\Apache24\htdocs\thinkphp\Application\Resume\Controller\IndexController.class.php 第 12 行.

[ 2017-11-17T09:19:24+08:00 ] 127.0.0.1 /thinkphp/index.php/Resume/Index/fileUpload/Fri%20Nov%2017%202017%2009:19:09%20GMT+0800%20(%E4%B8%AD%E5%9B%BD%E6%A0%87%E5%87%86%E6%97%B6%E9%97%B4)
INFO: [ app_init ] --START--
INFO: Run Behavior\BuildLiteBehavior [ RunTime:0.000000s ]
INFO: [ app_init ] --END-- [ RunTime:0.000000s ]
INFO: [ app_begin ] --START--
INFO: Run Behavior\ReadHtmlCacheBehavior [ RunTime:0.000000s ]
INFO: [ app_begin ] --END-- [ RunTime:0.000000s ]
NOTIC: [2] set_time_limit() expects exactly 1 parameter, 0 given D:\BHXZ\BHWebServer\Apache24\htdocs\thinkphp\Application\Resume\Controller\IndexController.class.php 第 12 行.

[ 2017-11-17T09:19:24+08:00 ] 127.0.0.1 /thinkphp/index.php/Resume/Index/fileUpload/Fri%20Nov%2017%202017%2009:19:09%20GMT+0800%20(%E4%B8%AD%E5%9B%BD%E6%A0%87%E5%87%86%E6%97%B6%E9%97%B4)
INFO: [ app_init ] --START--
INFO: Run Behavior\BuildLiteBehavior [ RunTime:0.000000s ]
INFO: [ app_init ] --END-- [ RunTime:0.000000s ]
INFO: [ app_begin ] --START--
INFO: Run Behavior\ReadHtmlCacheBehavior [ RunTime:0.000000s ]
INFO: [ app_begin ] --END-- [ RunTime:0.000000s ]
NOTIC: [2] set_time_limit() expects exactly 1 parameter, 0 given D:\BHXZ\BHWebServer\Apache24\htdocs\thinkphp\Application\Resume\Controller\IndexController.class.php 第 12 行.

[ 2017-11-17T09:19:24+08:00 ] 127.0.0.1 /thinkphp/index.php/Resume/Index/fileUpload/Fri%20Nov%2017%202017%2009:19:09%20GMT+0800%20(%E4%B8%AD%E5%9B%BD%E6%A0%87%E5%87%86%E6%97%B6%E9%97%B4)
INFO: [ app_init ] --START--
INFO: Run Behavior\BuildLiteBehavior [ RunTime:0.000000s ]
INFO: [ app_init ] --END-- [ RunTime:0.000000s ]
INFO: [ app_begin ] --START--
INFO: Run Behavior\ReadHtmlCacheBehavior [ RunTime:0.000000s ]
INFO: [ app_begin ] --END-- [ RunTime:0.000000s ]
NOTIC: [2] set_time_limit() expects exactly 1 parameter, 0 given D:\BHXZ\BHWebServer\Apache24\htdocs\thinkphp\Application\Resume\Controller\IndexController.class.php 第 12 行.

[ 2017-11-17T09:19:24+08:00 ] 127.0.0.1 /thinkphp/index.php/Resume/Index/fileUpload/Fri%20Nov%2017%202017%2009:19:09%20GMT+0800%20(%E4%B8%AD%E5%9B%BD%E6%A0%87%E5%87%86%E6%97%B6%E9%97%B4)
INFO: [ app_init ] --START--
INFO: Run Behavior\BuildLiteBehavior [ RunTime:0.000000s ]
INFO: [ app_init ] --END-- [ RunTime:0.000000s ]
INFO: [ app_begin ] --START--
INFO: Run Behavior\ReadHtmlCacheBehavior [ RunTime:0.000000s ]
INFO: [ app_begin ] --END-- [ RunTime:0.000000s ]
NOTIC: [2] set_time_limit() expects exactly 1 parameter, 0 given D:\BHXZ\BHWebServer\Apache24\htdocs\thinkphp\Application\Resume\Controller\IndexController.class.php 第 12 行.

[ 2017-11-17T09:19:25+08:00 ] 127.0.0.1 /thinkphp/index.php/Resume/Index/fileUpload/Fri%20Nov%2017%202017%2009:19:09%20GMT+0800%20(%E4%B8%AD%E5%9B%BD%E6%A0%87%E5%87%86%E6%97%B6%E9%97%B4)
INFO: [ app_init ] --START--
INFO: Run Behavior\BuildLiteBehavior [ RunTime:0.000000s ]
INFO: [ app_init ] --END-- [ RunTime:0.000000s ]
INFO: [ app_begin ] --START--
INFO: Run Behavior\ReadHtmlCacheBehavior [ RunTime:0.000000s ]
INFO: [ app_begin ] --END-- [ RunTime:0.000000s ]
NOTIC: [2] set_time_limit() expects exactly 1 parameter, 0 given D:\BHXZ\BHWebServer\Apache24\htdocs\thinkphp\Application\Resume\Controller\IndexController.class.php 第 12 行.

[ 2017-11-17T09:19:25+08:00 ] 127.0.0.1 /thinkphp/index.php/Resume/Index/fileUpload/Fri%20Nov%2017%202017%2009:19:09%20GMT+0800%20(%E4%B8%AD%E5%9B%BD%E6%A0%87%E5%87%86%E6%97%B6%E9%97%B4)
INFO: [ app_init ] --START--
INFO: Run Behavior\BuildLiteBehavior [ RunTime:0.000000s ]
INFO: [ app_init ] --END-- [ RunTime:0.000000s ]
INFO: [ app_begin ] --START--
INFO: Run Behavior\ReadHtmlCacheBehavior [ RunTime:0.001000s ]
INFO: [ app_begin ] --END-- [ RunTime:0.001000s ]
NOTIC: [2] set_time_limit() expects exactly 1 parameter, 0 given D:\BHXZ\BHWebServer\Apache24\htdocs\thinkphp\Application\Resume\Controller\IndexController.class.php 第 12 行.

[ 2017-11-17T09:19:25+08:00 ] 127.0.0.1 /thinkphp/index.php/Resume/Index/fileUpload/Fri%20Nov%2017%202017%2009:19:09%20GMT+0800%20(%E4%B8%AD%E5%9B%BD%E6%A0%87%E5%87%86%E6%97%B6%E9%97%B4)
INFO: [ app_init ] --START--
INFO: Run Behavior\BuildLiteBehavior [ RunTime:0.000000s ]
INFO: [ app_init ] --END-- [ RunTime:0.000000s ]
INFO: [ app_begin ] --START--
INFO: Run Behavior\ReadHtmlCacheBehavior [ RunTime:0.000000s ]
INFO: [ app_begin ] --END-- [ RunTime:0.000000s ]
NOTIC: [2] set_time_limit() expects exactly 1 parameter, 0 given D:\BHXZ\BHWebServer\Apache24\htdocs\thinkphp\Application\Resume\Controller\IndexController.class.php 第 12 行.

[ 2017-11-17T09:19:25+08:00 ] 127.0.0.1 /thinkphp/index.php/Resume/Index/fileUpload/Fri%20Nov%2017%202017%2009:19:09%20GMT+0800%20(%E4%B8%AD%E5%9B%BD%E6%A0%87%E5%87%86%E6%97%B6%E9%97%B4)
INFO: [ app_init ] --START--
INFO: Run Behavior\BuildLiteBehavior [ RunTime:0.000000s ]
INFO: [ app_init ] --END-- [ RunTime:0.000000s ]
INFO: [ app_begin ] --START--
INFO: Run Behavior\ReadHtmlCacheBehavior [ RunTime:0.000000s ]
INFO: [ app_begin ] --END-- [ RunTime:0.000000s ]
NOTIC: [2] set_time_limit() expects exactly 1 parameter, 0 given D:\BHXZ\BHWebServer\Apache24\htdocs\thinkphp\Application\Resume\Controller\IndexController.class.php 第 12 行.

[ 2017-11-17T09:19:25+08:00 ] 127.0.0.1 /thinkphp/index.php/Resume/Index/fileUpload/Fri%20Nov%2017%202017%2009:19:09%20GMT+0800%20(%E4%B8%AD%E5%9B%BD%E6%A0%87%E5%87%86%E6%97%B6%E9%97%B4)
INFO: [ app_init ] --START--
INFO: Run Behavior\BuildLiteBehavior [ RunTime:0.000000s ]
INFO: [ app_init ] --END-- [ RunTime:0.000000s ]
INFO: [ app_begin ] --START--
INFO: Run Behavior\ReadHtmlCacheBehavior [ RunTime:0.001000s ]
INFO: [ app_begin ] --END-- [ RunTime:0.001000s ]
NOTIC: [2] set_time_limit() expects exactly 1 parameter, 0 given D:\BHXZ\BHWebServer\Apache24\htdocs\thinkphp\Application\Resume\Controller\IndexController.class.php 第 12 行.

[ 2017-11-17T09:19:25+08:00 ] 127.0.0.1 /thinkphp/index.php/Resume/Index/fileUpload/Fri%20Nov%2017%202017%2009:19:09%20GMT+0800%20(%E4%B8%AD%E5%9B%BD%E6%A0%87%E5%87%86%E6%97%B6%E9%97%B4)
INFO: [ app_init ] --START--
INFO: Run Behavior\BuildLiteBehavior [ RunTime:0.000000s ]
INFO: [ app_init ] --END-- [ RunTime:0.000000s ]
INFO: [ app_begin ] --START--
INFO: Run Behavior\ReadHtmlCacheBehavior [ RunTime:0.015001s ]
INFO: [ app_begin ] --END-- [ RunTime:0.015001s ]
NOTIC: [2] set_time_limit() expects exactly 1 parameter, 0 given D:\BHXZ\BHWebServer\Apache24\htdocs\thinkphp\Application\Resume\Controller\IndexController.class.php 第 12 行.

[ 2017-11-17T09:19:25+08:00 ] 127.0.0.1 /thinkphp/index.php/Resume/Index/fileUpload/Fri%20Nov%2017%202017%2009:19:09%20GMT+0800%20(%E4%B8%AD%E5%9B%BD%E6%A0%87%E5%87%86%E6%97%B6%E9%97%B4)
INFO: [ app_init ] --START--
INFO: Run Behavior\BuildLiteBehavior [ RunTime:0.000000s ]
INFO: [ app_init ] --END-- [ RunTime:0.000000s ]
INFO: [ app_begin ] --START--
INFO: Run Behavior\ReadHtmlCacheBehavior [ RunTime:0.001000s ]
INFO: [ app_begin ] --END-- [ RunTime:0.001000s ]
NOTIC: [2] set_time_limit() expects exactly 1 parameter, 0 given D:\BHXZ\BHWebServer\Apache24\htdocs\thinkphp\Application\Resume\Controller\IndexController.class.php 第 12 行.

[ 2017-11-17T09:19:25+08:00 ] 127.0.0.1 /thinkphp/index.php/Resume/Index/fileUpload/Fri%20Nov%2017%202017%2009:19:09%20GMT+0800%20(%E4%B8%AD%E5%9B%BD%E6%A0%87%E5%87%86%E6%97%B6%E9%97%B4)
INFO: [ app_init ] --START--
INFO: Run Behavior\BuildLiteBehavior [ RunTime:0.000000s ]
INFO: [ app_init ] --END-- [ RunTime:0.000000s ]
INFO: [ app_begin ] --START--
INFO: Run Behavior\ReadHtmlCacheBehavior [ RunTime:0.000000s ]
INFO: [ app_begin ] --END-- [ RunTime:0.000000s ]
NOTIC: [2] set_time_limit() expects exactly 1 parameter, 0 given D:\BHXZ\BHWebServer\Apache24\htdocs\thinkphp\Application\Resume\Controller\IndexController.class.php 第 12 行.

[ 2017-11-17T09:19:25+08:00 ] 127.0.0.1 /thinkphp/index.php/Resume/Index/fileUpload/Fri%20Nov%2017%202017%2009:19:09%20GMT+0800%20(%E4%B8%AD%E5%9B%BD%E6%A0%87%E5%87%86%E6%97%B6%E9%97%B4)
INFO: [ app_init ] --START--
INFO: Run Behavior\BuildLiteBehavior [ RunTime:0.000000s ]
INFO: [ app_init ] --END-- [ RunTime:0.000000s ]
INFO: [ app_begin ] --START--
INFO: Run Behavior\ReadHtmlCacheBehavior [ RunTime:0.000000s ]
INFO: [ app_begin ] --END-- [ RunTime:0.000000s ]
NOTIC: [2] set_time_limit() expects exactly 1 parameter, 0 given D:\BHXZ\BHWebServer\Apache24\htdocs\thinkphp\Application\Resume\Controller\IndexController.class.php 第 12 行.

[ 2017-11-17T09:19:25+08:00 ] 127.0.0.1 /thinkphp/index.php/Resume/Index/fileUpload/Fri%20Nov%2017%202017%2009:19:09%20GMT+0800%20(%E4%B8%AD%E5%9B%BD%E6%A0%87%E5%87%86%E6%97%B6%E9%97%B4)
INFO: [ app_init ] --START--
INFO: Run Behavior\BuildLiteBehavior [ RunTime:0.000000s ]
INFO: [ app_init ] --END-- [ RunTime:0.000000s ]
INFO: [ app_begin ] --START--
INFO: Run Behavior\ReadHtmlCacheBehavior [ RunTime:0.000000s ]
INFO: [ app_begin ] --END-- [ RunTime:0.000000s ]
NOTIC: [2] set_time_limit() expects exactly 1 parameter, 0 given D:\BHXZ\BHWebServer\Apache24\htdocs\thinkphp\Application\Resume\Controller\IndexController.class.php 第 12 行.

[ 2017-11-17T09:19:26+08:00 ] 127.0.0.1 /thinkphp/index.php/Resume/Index/fileUpload/Fri%20Nov%2017%202017%2009:19:09%20GMT+0800%20(%E4%B8%AD%E5%9B%BD%E6%A0%87%E5%87%86%E6%97%B6%E9%97%B4)
INFO: [ app_init ] --START--
INFO: Run Behavior\BuildLiteBehavior [ RunTime:0.000000s ]
INFO: [ app_init ] --END-- [ RunTime:0.000000s ]
INFO: [ app_begin ] --START--
INFO: Run Behavior\ReadHtmlCacheBehavior [ RunTime:0.001000s ]
INFO: [ app_begin ] --END-- [ RunTime:0.001000s ]
NOTIC: [2] set_time_limit() expects exactly 1 parameter, 0 given D:\BHXZ\BHWebServer\Apache24\htdocs\thinkphp\Application\Resume\Controller\IndexController.class.php 第 12 行.

[ 2017-11-17T09:19:26+08:00 ] 127.0.0.1 /thinkphp/index.php/Resume/Index/fileUpload/Fri%20Nov%2017%202017%2009:19:09%20GMT+0800%20(%E4%B8%AD%E5%9B%BD%E6%A0%87%E5%87%86%E6%97%B6%E9%97%B4)
INFO: [ app_init ] --START--
INFO: Run Behavior\BuildLiteBehavior [ RunTime:0.000000s ]
INFO: [ app_init ] --END-- [ RunTime:0.000000s ]
INFO: [ app_begin ] --START--
INFO: Run Behavior\ReadHtmlCacheBehavior [ RunTime:0.000000s ]
INFO: [ app_begin ] --END-- [ RunTime:0.000000s ]
NOTIC: [2] set_time_limit() expects exactly 1 parameter, 0 given D:\BHXZ\BHWebServer\Apache24\htdocs\thinkphp\Application\Resume\Controller\IndexController.class.php 第 12 行.

[ 2017-11-17T09:19:26+08:00 ] 127.0.0.1 /thinkphp/index.php/Resume/Index/fileUpload/Fri%20Nov%2017%202017%2009:19:09%20GMT+0800%20(%E4%B8%AD%E5%9B%BD%E6%A0%87%E5%87%86%E6%97%B6%E9%97%B4)
INFO: [ app_init ] --START--
INFO: Run Behavior\BuildLiteBehavior [ RunTime:0.000000s ]
INFO: [ app_init ] --END-- [ RunTime:0.000000s ]
INFO: [ app_begin ] --START--
INFO: Run Behavior\ReadHtmlCacheBehavior [ RunTime:0.000000s ]
INFO: [ app_begin ] --END-- [ RunTime:0.000000s ]
NOTIC: [2] set_time_limit() expects exactly 1 parameter, 0 given D:\BHXZ\BHWebServer\Apache24\htdocs\thinkphp\Application\Resume\Controller\IndexController.class.php 第 12 行.

[ 2017-11-17T09:19:26+08:00 ] 127.0.0.1 /thinkphp/index.php/Resume/Index/fileUpload/Fri%20Nov%2017%202017%2009:19:09%20GMT+0800%20(%E4%B8%AD%E5%9B%BD%E6%A0%87%E5%87%86%E6%97%B6%E9%97%B4)
INFO: [ app_init ] --START--
INFO: Run Behavior\BuildLiteBehavior [ RunTime:0.000000s ]
INFO: [ app_init ] --END-- [ RunTime:0.000000s ]
INFO: [ app_begin ] --START--
INFO: Run Behavior\ReadHtmlCacheBehavior [ RunTime:0.000000s ]
INFO: [ app_begin ] --END-- [ RunTime:0.000000s ]
NOTIC: [2] set_time_limit() expects exactly 1 parameter, 0 given D:\BHXZ\BHWebServer\Apache24\htdocs\thinkphp\Application\Resume\Controller\IndexController.class.php 第 12 行.

[ 2017-11-17T09:19:27+08:00 ] 127.0.0.1 /thinkphp/index.php/Resume/Index/fileUpload/Fri%20Nov%2017%202017%2009:19:09%20GMT+0800%20(%E4%B8%AD%E5%9B%BD%E6%A0%87%E5%87%86%E6%97%B6%E9%97%B4)
INFO: [ app_init ] --START--
INFO: Run Behavior\BuildLiteBehavior [ RunTime:0.000000s ]
INFO: [ app_init ] --END-- [ RunTime:0.000000s ]
INFO: [ app_begin ] --START--
INFO: Run Behavior\ReadHtmlCacheBehavior [ RunTime:0.000000s ]
INFO: [ app_begin ] --END-- [ RunTime:0.000000s ]
NOTIC: [2] set_time_limit() expects exactly 1 parameter, 0 given D:\BHXZ\BHWebServer\Apache24\htdocs\thinkphp\Application\Resume\Controller\IndexController.class.php 第 12 行.

[ 2017-11-17T09:19:27+08:00 ] 127.0.0.1 /thinkphp/index.php/Resume/Index/fileUpload/Fri%20Nov%2017%202017%2009:19:09%20GMT+0800%20(%E4%B8%AD%E5%9B%BD%E6%A0%87%E5%87%86%E6%97%B6%E9%97%B4)
INFO: [ app_init ] --START--
INFO: Run Behavior\BuildLiteBehavior [ RunTime:0.000000s ]
INFO: [ app_init ] --END-- [ RunTime:0.000000s ]
INFO: [ app_begin ] --START--
INFO: Run Behavior\ReadHtmlCacheBehavior [ RunTime:0.000000s ]
INFO: [ app_begin ] --END-- [ RunTime:0.000000s ]
NOTIC: [2] set_time_limit() expects exactly 1 parameter, 0 given D:\BHXZ\BHWebServer\Apache24\htdocs\thinkphp\Application\Resume\Controller\IndexController.class.php 第 12 行.

[ 2017-11-17T09:19:27+08:00 ] 127.0.0.1 /thinkphp/index.php/Resume/Index/fileUpload/Fri%20Nov%2017%202017%2009:19:09%20GMT+0800%20(%E4%B8%AD%E5%9B%BD%E6%A0%87%E5%87%86%E6%97%B6%E9%97%B4)
INFO: [ app_init ] --START--
INFO: Run Behavior\BuildLiteBehavior [ RunTime:0.000000s ]
INFO: [ app_init ] --END-- [ RunTime:0.000000s ]
INFO: [ app_begin ] --START--
INFO: Run Behavior\ReadHtmlCacheBehavior [ RunTime:0.001000s ]
INFO: [ app_begin ] --END-- [ RunTime:0.001000s ]
NOTIC: [2] set_time_limit() expects exactly 1 parameter, 0 given D:\BHXZ\BHWebServer\Apache24\htdocs\thinkphp\Application\Resume\Controller\IndexController.class.php 第 12 行.

[ 2017-11-17T09:19:27+08:00 ] 127.0.0.1 /thinkphp/index.php/Resume/Index/fileUpload/Fri%20Nov%2017%202017%2009:19:09%20GMT+0800%20(%E4%B8%AD%E5%9B%BD%E6%A0%87%E5%87%86%E6%97%B6%E9%97%B4)
INFO: [ app_init ] --START--
INFO: Run Behavior\BuildLiteBehavior [ RunTime:0.000000s ]
INFO: [ app_init ] --END-- [ RunTime:0.000000s ]
INFO: [ app_begin ] --START--
INFO: Run Behavior\ReadHtmlCacheBehavior [ RunTime:0.000000s ]
INFO: [ app_begin ] --END-- [ RunTime:0.000000s ]
NOTIC: [2] set_time_limit() expects exactly 1 parameter, 0 given D:\BHXZ\BHWebServer\Apache24\htdocs\thinkphp\Application\Resume\Controller\IndexController.class.php 第 12 行.
NOTIC: [8] Undefined variable: data D:\BHXZ\BHWebServer\Apache24\htdocs\thinkphp\Application\Resume\Controller\IndexController.class.php 第 144 行.
NOTIC: [8] Undefined variable: data D:\BHXZ\BHWebServer\Apache24\htdocs\thinkphp\Application\Resume\Controller\IndexController.class.php 第 146 行.

