[ 2016-09-19T09:38:25+08:00 ] 127.0.0.1 /thinkphp_3.2.3_full/
INFO: [ app_init ] --START--
INFO: Run Behavior\BuildLiteBehavior [ RunTime:0.000000s ]
INFO: [ app_init ] --END-- [ RunTime:0.000000s ]
INFO: [ app_begin ] --START--
INFO: Run Behavior\ReadHtmlCacheBehavior [ RunTime:0.000000s ]
INFO: [ app_begin ] --END-- [ RunTime:0.001000s ]
SQL: SHOW COLUMNS FROM `gy_export` [ RunTime:0.0030s ]
SQL: SELECT * FROM `gy_export`  [ RunTime:0.0000s ]
NOTIC: [8] Use of undefined constant corrosion_tablet - assumed 'corrosion_tablet' D:\BHXZ\BHWebServer\Apache24\htdocs\thinkphp_3.2.3_full\Application\Home\Controller\IndexController.class.php 第 9 行.
SQL: SELECT * FROM `gy_export` WHERE `corrosion_tablet` LIKE '%%'  [ RunTime:0.0000s ]
INFO: [ view_parse ] --START--
INFO: [ template_filter ] --START--
INFO: Run Behavior\ContentReplaceBehavior [ RunTime:0.000000s ]
INFO: [ template_filter ] --END-- [ RunTime:0.000000s ]
NOTIC: [8] Use of undefined constant index - assumed 'index' D:\BHXZ\BHWebServer\Apache24\htdocs\thinkphp_3.2.3_full\Application\Runtime\Cache\Home\2a94b8bda04ff446dcedd42276fc99ee.php 第 13 行.
NOTIC: [8] Use of undefined constant add - assumed 'add' D:\BHXZ\BHWebServer\Apache24\htdocs\thinkphp_3.2.3_full\Application\Runtime\Cache\Home\2a94b8bda04ff446dcedd42276fc99ee.php 第 32 行.
NOTIC: [8] Use of undefined constant del - assumed 'del' D:\BHXZ\BHWebServer\Apache24\htdocs\thinkphp_3.2.3_full\Application\Runtime\Cache\Home\2a94b8bda04ff446dcedd42276fc99ee.php 第 38 行.
NOTIC: [8] Use of undefined constant edit - assumed 'edit' D:\BHXZ\BHWebServer\Apache24\htdocs\thinkphp_3.2.3_full\Application\Runtime\Cache\Home\2a94b8bda04ff446dcedd42276fc99ee.php 第 52 行.
INFO: Run Behavior\ParseTemplateBehavior [ RunTime:0.005000s ]
INFO: [ view_parse ] --END-- [ RunTime:0.005000s ]
INFO: [ view_filter ] --START--
INFO: Run Behavior\WriteHtmlCacheBehavior [ RunTime:0.001000s ]
INFO: [ view_filter ] --END-- [ RunTime:0.001000s ]
INFO: [ app_end ] --START--
INFO: Run Behavior\ShowPageTraceBehavior [ RunTime:0.000000s ]
INFO: [ app_end ] --END-- [ RunTime:0.000000s ]

[ 2016-09-19T09:38:27+08:00 ] 127.0.0.1 /thinkphp_3.2.3_full/index.php/Home/Index/index.html?tj=
INFO: [ app_init ] --START--
INFO: Run Behavior\BuildLiteBehavior [ RunTime:0.000000s ]
INFO: [ app_init ] --END-- [ RunTime:0.000000s ]
INFO: [ app_begin ] --START--
INFO: Run Behavior\ReadHtmlCacheBehavior [ RunTime:0.000000s ]
INFO: [ app_begin ] --END-- [ RunTime:0.001000s ]
SQL: SHOW COLUMNS FROM `gy_export` [ RunTime:0.0030s ]
SQL: SELECT * FROM `gy_export`  [ RunTime:0.0010s ]
NOTIC: [8] Use of undefined constant corrosion_tablet - assumed 'corrosion_tablet' D:\BHXZ\BHWebServer\Apache24\htdocs\thinkphp_3.2.3_full\Application\Home\Controller\IndexController.class.php 第 9 行.
SQL: SELECT * FROM `gy_export` WHERE `corrosion_tablet` LIKE '%%'  [ RunTime:0.0000s ]
INFO: [ view_parse ] --START--
INFO: [ template_filter ] --START--
INFO: Run Behavior\ContentReplaceBehavior [ RunTime:0.000000s ]
INFO: [ template_filter ] --END-- [ RunTime:0.000000s ]
NOTIC: [8] Use of undefined constant index - assumed 'index' D:\BHXZ\BHWebServer\Apache24\htdocs\thinkphp_3.2.3_full\Application\Runtime\Cache\Home\2a94b8bda04ff446dcedd42276fc99ee.php 第 13 行.
NOTIC: [8] Use of undefined constant add - assumed 'add' D:\BHXZ\BHWebServer\Apache24\htdocs\thinkphp_3.2.3_full\Application\Runtime\Cache\Home\2a94b8bda04ff446dcedd42276fc99ee.php 第 32 行.
NOTIC: [8] Use of undefined constant del - assumed 'del' D:\BHXZ\BHWebServer\Apache24\htdocs\thinkphp_3.2.3_full\Application\Runtime\Cache\Home\2a94b8bda04ff446dcedd42276fc99ee.php 第 38 行.
NOTIC: [8] Use of undefined constant edit - assumed 'edit' D:\BHXZ\BHWebServer\Apache24\htdocs\thinkphp_3.2.3_full\Application\Runtime\Cache\Home\2a94b8bda04ff446dcedd42276fc99ee.php 第 52 行.
INFO: Run Behavior\ParseTemplateBehavior [ RunTime:0.006001s ]
INFO: [ view_parse ] --END-- [ RunTime:0.006001s ]
INFO: [ view_filter ] --START--
INFO: Run Behavior\WriteHtmlCacheBehavior [ RunTime:0.000000s ]
INFO: [ view_filter ] --END-- [ RunTime:0.000000s ]
INFO: [ app_end ] --START--
INFO: Run Behavior\ShowPageTraceBehavior [ RunTime:0.001000s ]
INFO: [ app_end ] --END-- [ RunTime:0.001000s ]

[ 2016-09-19T09:38:29+08:00 ] 127.0.0.1 /thinkphp_3.2.3_full/index.php/Home/Index/index.html?tj=
INFO: [ app_init ] --START--
INFO: Run Behavior\BuildLiteBehavior [ RunTime:0.000000s ]
INFO: [ app_init ] --END-- [ RunTime:0.001000s ]
INFO: [ app_begin ] --START--
INFO: Run Behavior\ReadHtmlCacheBehavior [ RunTime:0.001000s ]
INFO: [ app_begin ] --END-- [ RunTime:0.001000s ]
SQL: SHOW COLUMNS FROM `gy_export` [ RunTime:0.0030s ]
SQL: SELECT * FROM `gy_export`  [ RunTime:0.0000s ]
NOTIC: [8] Use of undefined constant corrosion_tablet - assumed 'corrosion_tablet' D:\BHXZ\BHWebServer\Apache24\htdocs\thinkphp_3.2.3_full\Application\Home\Controller\IndexController.class.php 第 9 行.
SQL: SELECT * FROM `gy_export` WHERE `corrosion_tablet` LIKE '%%'  [ RunTime:0.0000s ]
INFO: [ view_parse ] --START--
INFO: [ template_filter ] --START--
INFO: Run Behavior\ContentReplaceBehavior [ RunTime:0.000000s ]
INFO: [ template_filter ] --END-- [ RunTime:0.000000s ]
NOTIC: [8] Use of undefined constant index - assumed 'index' D:\BHXZ\BHWebServer\Apache24\htdocs\thinkphp_3.2.3_full\Application\Runtime\Cache\Home\2a94b8bda04ff446dcedd42276fc99ee.php 第 13 行.
NOTIC: [8] Use of undefined constant add - assumed 'add' D:\BHXZ\BHWebServer\Apache24\htdocs\thinkphp_3.2.3_full\Application\Runtime\Cache\Home\2a94b8bda04ff446dcedd42276fc99ee.php 第 32 行.
NOTIC: [8] Use of undefined constant del - assumed 'del' D:\BHXZ\BHWebServer\Apache24\htdocs\thinkphp_3.2.3_full\Application\Runtime\Cache\Home\2a94b8bda04ff446dcedd42276fc99ee.php 第 38 行.
NOTIC: [8] Use of undefined constant edit - assumed 'edit' D:\BHXZ\BHWebServer\Apache24\htdocs\thinkphp_3.2.3_full\Application\Runtime\Cache\Home\2a94b8bda04ff446dcedd42276fc99ee.php 第 52 行.
INFO: Run Behavior\ParseTemplateBehavior [ RunTime:0.005000s ]
INFO: [ view_parse ] --END-- [ RunTime:0.006000s ]
INFO: [ view_filter ] --START--
INFO: Run Behavior\WriteHtmlCacheBehavior [ RunTime:0.000000s ]
INFO: [ view_filter ] --END-- [ RunTime:0.000000s ]
INFO: [ app_end ] --START--
INFO: Run Behavior\ShowPageTraceBehavior [ RunTime:0.000000s ]
INFO: [ app_end ] --END-- [ RunTime:0.000000s ]

[ 2016-09-19T09:38:31+08:00 ] 127.0.0.1 /thinkphp_3.2.3_full/index.php/Home/Index/index.html?tj=as
INFO: [ app_init ] --START--
INFO: Run Behavior\BuildLiteBehavior [ RunTime:0.000000s ]
INFO: [ app_init ] --END-- [ RunTime:0.000000s ]
INFO: [ app_begin ] --START--
INFO: Run Behavior\ReadHtmlCacheBehavior [ RunTime:0.001000s ]
INFO: [ app_begin ] --END-- [ RunTime:0.001000s ]
SQL: SHOW COLUMNS FROM `gy_export` [ RunTime:0.0030s ]
SQL: SELECT * FROM `gy_export`  [ RunTime:0.0010s ]
NOTIC: [8] Use of undefined constant corrosion_tablet - assumed 'corrosion_tablet' D:\BHXZ\BHWebServer\Apache24\htdocs\thinkphp_3.2.3_full\Application\Home\Controller\IndexController.class.php 第 9 行.
SQL: SELECT * FROM `gy_export` WHERE `corrosion_tablet` LIKE '%as%'  [ RunTime:0.0000s ]
INFO: [ view_parse ] --START--
INFO: [ template_filter ] --START--
INFO: Run Behavior\ContentReplaceBehavior [ RunTime:0.000000s ]
INFO: [ template_filter ] --END-- [ RunTime:0.000000s ]
NOTIC: [8] Use of undefined constant index - assumed 'index' D:\BHXZ\BHWebServer\Apache24\htdocs\thinkphp_3.2.3_full\Application\Runtime\Cache\Home\2a94b8bda04ff446dcedd42276fc99ee.php 第 13 行.
NOTIC: [8] Use of undefined constant add - assumed 'add' D:\BHXZ\BHWebServer\Apache24\htdocs\thinkphp_3.2.3_full\Application\Runtime\Cache\Home\2a94b8bda04ff446dcedd42276fc99ee.php 第 32 行.
NOTIC: [8] Use of undefined constant del - assumed 'del' D:\BHXZ\BHWebServer\Apache24\htdocs\thinkphp_3.2.3_full\Application\Runtime\Cache\Home\2a94b8bda04ff446dcedd42276fc99ee.php 第 38 行.
NOTIC: [8] Use of undefined constant edit - assumed 'edit' D:\BHXZ\BHWebServer\Apache24\htdocs\thinkphp_3.2.3_full\Application\Runtime\Cache\Home\2a94b8bda04ff446dcedd42276fc99ee.php 第 52 行.
INFO: Run Behavior\ParseTemplateBehavior [ RunTime:0.006000s ]
INFO: [ view_parse ] --END-- [ RunTime:0.006000s ]
INFO: [ view_filter ] --START--
INFO: Run Behavior\WriteHtmlCacheBehavior [ RunTime:0.000000s ]
INFO: [ view_filter ] --END-- [ RunTime:0.000000s ]
INFO: [ app_end ] --START--
INFO: Run Behavior\ShowPageTraceBehavior [ RunTime:0.001000s ]
INFO: [ app_end ] --END-- [ RunTime:0.001000s ]

[ 2016-09-19T09:38:34+08:00 ] 127.0.0.1 /thinkphp_3.2.3_full/index.php/Home/Index/index.html?tj=1
INFO: [ app_init ] --START--
INFO: Run Behavior\BuildLiteBehavior [ RunTime:0.000000s ]
INFO: [ app_init ] --END-- [ RunTime:0.000000s ]
INFO: [ app_begin ] --START--
INFO: Run Behavior\ReadHtmlCacheBehavior [ RunTime:0.000000s ]
INFO: [ app_begin ] --END-- [ RunTime:0.000000s ]
SQL: SHOW COLUMNS FROM `gy_export` [ RunTime:0.0040s ]
SQL: SELECT * FROM `gy_export`  [ RunTime:0.0000s ]
NOTIC: [8] Use of undefined constant corrosion_tablet - assumed 'corrosion_tablet' D:\BHXZ\BHWebServer\Apache24\htdocs\thinkphp_3.2.3_full\Application\Home\Controller\IndexController.class.php 第 9 行.
SQL: SELECT * FROM `gy_export` WHERE `corrosion_tablet` LIKE '%1%'  [ RunTime:0.0010s ]
INFO: [ view_parse ] --START--
INFO: [ template_filter ] --START--
INFO: Run Behavior\ContentReplaceBehavior [ RunTime:0.000000s ]
INFO: [ template_filter ] --END-- [ RunTime:0.000000s ]
NOTIC: [8] Use of undefined constant index - assumed 'index' D:\BHXZ\BHWebServer\Apache24\htdocs\thinkphp_3.2.3_full\Application\Runtime\Cache\Home\2a94b8bda04ff446dcedd42276fc99ee.php 第 13 行.
NOTIC: [8] Use of undefined constant add - assumed 'add' D:\BHXZ\BHWebServer\Apache24\htdocs\thinkphp_3.2.3_full\Application\Runtime\Cache\Home\2a94b8bda04ff446dcedd42276fc99ee.php 第 32 行.
NOTIC: [8] Use of undefined constant del - assumed 'del' D:\BHXZ\BHWebServer\Apache24\htdocs\thinkphp_3.2.3_full\Application\Runtime\Cache\Home\2a94b8bda04ff446dcedd42276fc99ee.php 第 38 行.
NOTIC: [8] Use of undefined constant edit - assumed 'edit' D:\BHXZ\BHWebServer\Apache24\htdocs\thinkphp_3.2.3_full\Application\Runtime\Cache\Home\2a94b8bda04ff446dcedd42276fc99ee.php 第 52 行.
INFO: Run Behavior\ParseTemplateBehavior [ RunTime:0.005001s ]
INFO: [ view_parse ] --END-- [ RunTime:0.005001s ]
INFO: [ view_filter ] --START--
INFO: Run Behavior\WriteHtmlCacheBehavior [ RunTime:0.001000s ]
INFO: [ view_filter ] --END-- [ RunTime:0.001000s ]
INFO: [ app_end ] --START--
INFO: Run Behavior\ShowPageTraceBehavior [ RunTime:0.000000s ]
INFO: [ app_end ] --END-- [ RunTime:0.000000s ]

[ 2016-09-19T09:38:35+08:00 ] 127.0.0.1 /thinkphp_3.2.3_full/index.php/Home/Index/edit.html?id=2
INFO: [ app_init ] --START--
INFO: Run Behavior\BuildLiteBehavior [ RunTime:0.000000s ]
INFO: [ app_init ] --END-- [ RunTime:0.000000s ]
INFO: [ app_begin ] --START--
INFO: Run Behavior\ReadHtmlCacheBehavior [ RunTime:0.001000s ]
INFO: [ app_begin ] --END-- [ RunTime:0.001000s ]
SQL: SHOW COLUMNS FROM `gy_export` [ RunTime:0.0030s ]
SQL: SELECT * FROM `gy_export` WHERE `corrosion_id` = 2  [ RunTime:0.0000s ]
INFO: [ view_parse ] --START--
INFO: [ template_filter ] --START--
INFO: Run Behavior\ContentReplaceBehavior [ RunTime:0.000000s ]
INFO: [ template_filter ] --END-- [ RunTime:0.000000s ]
INFO: Run Behavior\ParseTemplateBehavior [ RunTime:0.005000s ]
INFO: [ view_parse ] --END-- [ RunTime:0.005000s ]
INFO: [ view_filter ] --START--
INFO: Run Behavior\WriteHtmlCacheBehavior [ RunTime:0.000000s ]
INFO: [ view_filter ] --END-- [ RunTime:0.000000s ]
INFO: [ app_end ] --START--
INFO: Run Behavior\ShowPageTraceBehavior [ RunTime:0.001000s ]
INFO: [ app_end ] --END-- [ RunTime:0.001000s ]

[ 2016-09-19T09:38:40+08:00 ] 127.0.0.1 /thinkphp_3.2.3_full/index.php/Home/Index/add.html
INFO: [ app_init ] --START--
INFO: Run Behavior\BuildLiteBehavior [ RunTime:0.000000s ]
INFO: [ app_init ] --END-- [ RunTime:0.000000s ]
INFO: [ app_begin ] --START--
INFO: Run Behavior\ReadHtmlCacheBehavior [ RunTime:0.000000s ]
INFO: [ app_begin ] --END-- [ RunTime:0.000000s ]
INFO: [ view_parse ] --START--
INFO: [ template_filter ] --START--
INFO: Run Behavior\ContentReplaceBehavior [ RunTime:0.000000s ]
INFO: [ template_filter ] --END-- [ RunTime:0.000000s ]
INFO: Run Behavior\ParseTemplateBehavior [ RunTime:0.004000s ]
INFO: [ view_parse ] --END-- [ RunTime:0.004000s ]
INFO: [ view_filter ] --START--
INFO: Run Behavior\WriteHtmlCacheBehavior [ RunTime:0.000000s ]
INFO: [ view_filter ] --END-- [ RunTime:0.000000s ]
INFO: [ app_end ] --START--
INFO: Run Behavior\ShowPageTraceBehavior [ RunTime:0.001001s ]
INFO: [ app_end ] --END-- [ RunTime:0.001001s ]

[ 2016-09-19T09:38:45+08:00 ] 127.0.0.1 /thinkphp_3.2.3_full/index.php/Home/Index/add.html
INFO: [ app_init ] --START--
INFO: Run Behavior\BuildLiteBehavior [ RunTime:0.000000s ]
INFO: [ app_init ] --END-- [ RunTime:0.000000s ]
INFO: [ app_begin ] --START--
INFO: Run Behavior\ReadHtmlCacheBehavior [ RunTime:0.000000s ]
INFO: [ app_begin ] --END-- [ RunTime:0.001000s ]
SQL: SHOW COLUMNS FROM `gy_export` [ RunTime:0.0040s ]
SQL: INSERT INTO `gy_export` (`corrosion_tablet`,`corrosion_line`,`corrosion_point`,`plantmatchkey`) VALUES ('wqr','wqr','werwqer','wrw') [ RunTime:0.0540s ]
NOTIC: [8] Use of undefined constant index - assumed 'index' D:\BHXZ\BHWebServer\Apache24\htdocs\thinkphp_3.2.3_full\Application\Home\Controller\IndexController.class.php 第 49 行.
INFO: [ view_parse ] --START--
INFO: [ template_filter ] --START--
INFO: Run Behavior\ContentReplaceBehavior [ RunTime:0.000000s ]
INFO: [ template_filter ] --END-- [ RunTime:0.000000s ]
INFO: Run Behavior\ParseTemplateBehavior [ RunTime:0.005000s ]
INFO: [ view_parse ] --END-- [ RunTime:0.005000s ]
INFO: [ view_filter ] --START--
INFO: Run Behavior\WriteHtmlCacheBehavior [ RunTime:0.000000s ]
INFO: [ view_filter ] --END-- [ RunTime:0.000000s ]
INFO: [ app_end ] --START--
INFO: Run Behavior\ShowPageTraceBehavior [ RunTime:0.001000s ]
INFO: [ app_end ] --END-- [ RunTime:0.001000s ]

[ 2016-09-19T09:38:46+08:00 ] 127.0.0.1 /thinkphp_3.2.3_full/index.php/Home/Index/index.html
INFO: [ app_init ] --START--
INFO: Run Behavior\BuildLiteBehavior [ RunTime:0.000000s ]
INFO: [ app_init ] --END-- [ RunTime:0.001000s ]
INFO: [ app_begin ] --START--
INFO: Run Behavior\ReadHtmlCacheBehavior [ RunTime:0.000000s ]
INFO: [ app_begin ] --END-- [ RunTime:0.000000s ]
SQL: SHOW COLUMNS FROM `gy_export` [ RunTime:0.0030s ]
SQL: SELECT * FROM `gy_export`  [ RunTime:0.0000s ]
NOTIC: [8] Use of undefined constant corrosion_tablet - assumed 'corrosion_tablet' D:\BHXZ\BHWebServer\Apache24\htdocs\thinkphp_3.2.3_full\Application\Home\Controller\IndexController.class.php 第 9 行.
SQL: SELECT * FROM `gy_export` WHERE `corrosion_tablet` LIKE '%%'  [ RunTime:0.0000s ]
INFO: [ view_parse ] --START--
INFO: [ template_filter ] --START--
INFO: Run Behavior\ContentReplaceBehavior [ RunTime:0.000000s ]
INFO: [ template_filter ] --END-- [ RunTime:0.000000s ]
NOTIC: [8] Use of undefined constant index - assumed 'index' D:\BHXZ\BHWebServer\Apache24\htdocs\thinkphp_3.2.3_full\Application\Runtime\Cache\Home\2a94b8bda04ff446dcedd42276fc99ee.php 第 13 行.
NOTIC: [8] Use of undefined constant add - assumed 'add' D:\BHXZ\BHWebServer\Apache24\htdocs\thinkphp_3.2.3_full\Application\Runtime\Cache\Home\2a94b8bda04ff446dcedd42276fc99ee.php 第 32 行.
NOTIC: [8] Use of undefined constant del - assumed 'del' D:\BHXZ\BHWebServer\Apache24\htdocs\thinkphp_3.2.3_full\Application\Runtime\Cache\Home\2a94b8bda04ff446dcedd42276fc99ee.php 第 38 行.
NOTIC: [8] Use of undefined constant edit - assumed 'edit' D:\BHXZ\BHWebServer\Apache24\htdocs\thinkphp_3.2.3_full\Application\Runtime\Cache\Home\2a94b8bda04ff446dcedd42276fc99ee.php 第 52 行.
INFO: Run Behavior\ParseTemplateBehavior [ RunTime:0.005000s ]
INFO: [ view_parse ] --END-- [ RunTime:0.005000s ]
INFO: [ view_filter ] --START--
INFO: Run Behavior\WriteHtmlCacheBehavior [ RunTime:0.000000s ]
INFO: [ view_filter ] --END-- [ RunTime:0.000000s ]
INFO: [ app_end ] --START--
INFO: Run Behavior\ShowPageTraceBehavior [ RunTime:0.001000s ]
INFO: [ app_end ] --END-- [ RunTime:0.001000s ]

[ 2016-09-19T09:38:48+08:00 ] 127.0.0.1 /thinkphp_3.2.3_full/index.php/Home/Index/del.html
INFO: [ app_init ] --START--
INFO: Run Behavior\BuildLiteBehavior [ RunTime:0.000000s ]
INFO: [ app_init ] --END-- [ RunTime:0.000000s ]
INFO: [ app_begin ] --START--
INFO: Run Behavior\ReadHtmlCacheBehavior [ RunTime:0.000000s ]
INFO: [ app_begin ] --END-- [ RunTime:0.000000s ]
SQL: SHOW COLUMNS FROM `gy_export` [ RunTime:0.0030s ]
SQL: DELETE FROM `gy_export` WHERE `corrosion_id` = 15 [ RunTime:0.0360s ]
NOTIC: [8] Use of undefined constant set - assumed 'set' D:\BHXZ\BHWebServer\Apache24\htdocs\thinkphp_3.2.3_full\Application\Home\Controller\IndexController.class.php 第 21 行.

[ 2016-09-19T09:38:49+08:00 ] 127.0.0.1 /thinkphp_3.2.3_full/index.php/Home/Index/index.html
INFO: [ app_init ] --START--
INFO: Run Behavior\BuildLiteBehavior [ RunTime:0.000000s ]
INFO: [ app_init ] --END-- [ RunTime:0.000000s ]
INFO: [ app_begin ] --START--
INFO: Run Behavior\ReadHtmlCacheBehavior [ RunTime:0.000000s ]
INFO: [ app_begin ] --END-- [ RunTime:0.000000s ]
SQL: SHOW COLUMNS FROM `gy_export` [ RunTime:0.0030s ]
SQL: SELECT * FROM `gy_export`  [ RunTime:0.0000s ]
NOTIC: [8] Use of undefined constant corrosion_tablet - assumed 'corrosion_tablet' D:\BHXZ\BHWebServer\Apache24\htdocs\thinkphp_3.2.3_full\Application\Home\Controller\IndexController.class.php 第 9 行.
SQL: SELECT * FROM `gy_export` WHERE `corrosion_tablet` LIKE '%%'  [ RunTime:0.0010s ]
INFO: [ view_parse ] --START--
INFO: [ template_filter ] --START--
INFO: Run Behavior\ContentReplaceBehavior [ RunTime:0.000000s ]
INFO: [ template_filter ] --END-- [ RunTime:0.000000s ]
NOTIC: [8] Use of undefined constant index - assumed 'index' D:\BHXZ\BHWebServer\Apache24\htdocs\thinkphp_3.2.3_full\Application\Runtime\Cache\Home\2a94b8bda04ff446dcedd42276fc99ee.php 第 13 行.
NOTIC: [8] Use of undefined constant add - assumed 'add' D:\BHXZ\BHWebServer\Apache24\htdocs\thinkphp_3.2.3_full\Application\Runtime\Cache\Home\2a94b8bda04ff446dcedd42276fc99ee.php 第 32 行.
NOTIC: [8] Use of undefined constant del - assumed 'del' D:\BHXZ\BHWebServer\Apache24\htdocs\thinkphp_3.2.3_full\Application\Runtime\Cache\Home\2a94b8bda04ff446dcedd42276fc99ee.php 第 38 行.
NOTIC: [8] Use of undefined constant edit - assumed 'edit' D:\BHXZ\BHWebServer\Apache24\htdocs\thinkphp_3.2.3_full\Application\Runtime\Cache\Home\2a94b8bda04ff446dcedd42276fc99ee.php 第 52 行.
INFO: Run Behavior\ParseTemplateBehavior [ RunTime:0.005001s ]
INFO: [ view_parse ] --END-- [ RunTime:0.005001s ]
INFO: [ view_filter ] --START--
INFO: Run Behavior\WriteHtmlCacheBehavior [ RunTime:0.001000s ]
INFO: [ view_filter ] --END-- [ RunTime:0.001000s ]
INFO: [ app_end ] --START--
INFO: Run Behavior\ShowPageTraceBehavior [ RunTime:0.000000s ]
INFO: [ app_end ] --END-- [ RunTime:0.000000s ]

