[ 2016-10-18T10:04:39+08:00 ] 127.0.0.1 /thinkphp_3.2.3_full/
INFO: [ app_init ] --START--
INFO: Run Behavior\BuildLiteBehavior [ RunTime:0.000000s ]
INFO: [ app_init ] --END-- [ RunTime:0.006000s ]
INFO: [ app_begin ] --START--
INFO: Run Behavior\ReadHtmlCacheBehavior [ RunTime:0.009000s ]
INFO: [ app_begin ] --END-- [ RunTime:0.009000s ]
NOTIC: [2] fopen(D:\BHXZ\BHWebServer\Apache24\htdocs\thinkphp_3.2.3_full\Application\Home\Model/UTFWry.dat): failed to open stream: No such file or directory D:\BHXZ\BHWebServer\Apache24\htdocs\thinkphp_3.2.3_full\Application\Home\Model\IpLocation.class.php 第 42 行.
INFO: [ view_parse ] --START--
INFO: [ template_filter ] --START--
INFO: Run Behavior\ContentReplaceBehavior [ RunTime:0.000000s ]
INFO: [ template_filter ] --END-- [ RunTime:0.000000s ]
NOTIC: [8] Use of undefined constant index - assumed 'index' D:\BHXZ\BHWebServer\Apache24\htdocs\thinkphp_3.2.3_full\Application\Runtime\Cache\Home\2a94b8bda04ff446dcedd42276fc99ee.php 第 13 行.
NOTIC: [8] Undefined variable: list D:\BHXZ\BHWebServer\Apache24\htdocs\thinkphp_3.2.3_full\Application\Runtime\Cache\Home\2a94b8bda04ff446dcedd42276fc99ee.php 第 19 行.
NOTIC: [8] Use of undefined constant add - assumed 'add' D:\BHXZ\BHWebServer\Apache24\htdocs\thinkphp_3.2.3_full\Application\Runtime\Cache\Home\2a94b8bda04ff446dcedd42276fc99ee.php 第 32 行.
NOTIC: [8] Use of undefined constant del - assumed 'del' D:\BHXZ\BHWebServer\Apache24\htdocs\thinkphp_3.2.3_full\Application\Runtime\Cache\Home\2a94b8bda04ff446dcedd42276fc99ee.php 第 38 行.
NOTIC: [8] Use of undefined constant edit - assumed 'edit' D:\BHXZ\BHWebServer\Apache24\htdocs\thinkphp_3.2.3_full\Application\Runtime\Cache\Home\2a94b8bda04ff446dcedd42276fc99ee.php 第 52 行.
INFO: Run Behavior\ParseTemplateBehavior [ RunTime:0.037002s ]
INFO: [ view_parse ] --END-- [ RunTime:0.037002s ]
INFO: [ view_filter ] --START--
INFO: Run Behavior\WriteHtmlCacheBehavior [ RunTime:0.004001s ]
INFO: [ view_filter ] --END-- [ RunTime:0.004001s ]
INFO: [ app_end ] --START--
INFO: Run Behavior\ShowPageTraceBehavior [ RunTime:0.006000s ]
INFO: [ app_end ] --END-- [ RunTime:0.006000s ]

[ 2016-10-18T10:09:03+08:00 ] 127.0.0.1 /thinkphp_3.2.3_full/
INFO: [ app_init ] --START--
INFO: Run Behavior\BuildLiteBehavior [ RunTime:0.000000s ]
INFO: [ app_init ] --END-- [ RunTime:0.000000s ]
INFO: [ app_begin ] --START--
INFO: Run Behavior\ReadHtmlCacheBehavior [ RunTime:0.001000s ]
INFO: [ app_begin ] --END-- [ RunTime:0.001000s ]
NOTIC: [2] fopen(D:\BHXZ\BHWebServer\Apache24\htdocs\thinkphp_3.2.3_full\Application\Home\Model/UTFWry.dat): failed to open stream: No such file or directory D:\BHXZ\BHWebServer\Apache24\htdocs\thinkphp_3.2.3_full\Application\Home\Model\IpLocation.class.php 第 42 行.
INFO: [ view_parse ] --START--
INFO: [ template_filter ] --START--
INFO: Run Behavior\ContentReplaceBehavior [ RunTime:0.000000s ]
INFO: [ template_filter ] --END-- [ RunTime:0.001000s ]
NOTIC: [8] Use of undefined constant index - assumed 'index' D:\BHXZ\BHWebServer\Apache24\htdocs\thinkphp_3.2.3_full\Application\Runtime\Cache\Home\2a94b8bda04ff446dcedd42276fc99ee.php 第 13 行.
NOTIC: [8] Undefined variable: list D:\BHXZ\BHWebServer\Apache24\htdocs\thinkphp_3.2.3_full\Application\Runtime\Cache\Home\2a94b8bda04ff446dcedd42276fc99ee.php 第 19 行.
NOTIC: [8] Use of undefined constant add - assumed 'add' D:\BHXZ\BHWebServer\Apache24\htdocs\thinkphp_3.2.3_full\Application\Runtime\Cache\Home\2a94b8bda04ff446dcedd42276fc99ee.php 第 32 行.
NOTIC: [8] Use of undefined constant del - assumed 'del' D:\BHXZ\BHWebServer\Apache24\htdocs\thinkphp_3.2.3_full\Application\Runtime\Cache\Home\2a94b8bda04ff446dcedd42276fc99ee.php 第 38 行.
NOTIC: [8] Use of undefined constant edit - assumed 'edit' D:\BHXZ\BHWebServer\Apache24\htdocs\thinkphp_3.2.3_full\Application\Runtime\Cache\Home\2a94b8bda04ff446dcedd42276fc99ee.php 第 52 行.
INFO: Run Behavior\ParseTemplateBehavior [ RunTime:0.006000s ]
INFO: [ view_parse ] --END-- [ RunTime:0.006000s ]
INFO: [ view_filter ] --START--
INFO: Run Behavior\WriteHtmlCacheBehavior [ RunTime:0.001000s ]
INFO: [ view_filter ] --END-- [ RunTime:0.001000s ]
INFO: [ app_end ] --START--
INFO: Run Behavior\ShowPageTraceBehavior [ RunTime:0.001000s ]
INFO: [ app_end ] --END-- [ RunTime:0.001000s ]

[ 2016-10-18T10:10:18+08:00 ] 127.0.0.1 /thinkphp_3.2.3_full/
INFO: [ app_init ] --START--
INFO: Run Behavior\BuildLiteBehavior [ RunTime:0.000000s ]
INFO: [ app_init ] --END-- [ RunTime:0.001000s ]
INFO: [ app_begin ] --START--
INFO: Run Behavior\ReadHtmlCacheBehavior [ RunTime:0.001000s ]
INFO: [ app_begin ] --END-- [ RunTime:0.001000s ]
NOTIC: [2] fopen(D:\BHXZ\BHWebServer\Apache24\htdocs\thinkphp_3.2.3_full\Application\Home\Model/UTFWry.dat): failed to open stream: No such file or directory D:\BHXZ\BHWebServer\Apache24\htdocs\thinkphp_3.2.3_full\Application\Home\Model\IpLocation.class.php 第 42 行.

[ 2016-10-18T10:11:23+08:00 ] 127.0.0.1 /thinkphp_3.2.3_full/
INFO: [ app_init ] --START--
INFO: Run Behavior\BuildLiteBehavior [ RunTime:0.000000s ]
INFO: [ app_init ] --END-- [ RunTime:0.000000s ]
INFO: [ app_begin ] --START--
INFO: Run Behavior\ReadHtmlCacheBehavior [ RunTime:0.000000s ]
INFO: [ app_begin ] --END-- [ RunTime:0.000000s ]
NOTIC: [2] fopen(D:\BHXZ\BHWebServer\Apache24\htdocs\thinkphp_3.2.3_full\Application\Home\Model/UTFWry.dat): failed to open stream: No such file or directory D:\BHXZ\BHWebServer\Apache24\htdocs\thinkphp_3.2.3_full\Application\Home\Model\IpLocation.class.php 第 42 行.
NOTIC: [8] Use of undefined constant index - assumed 'index' D:\BHXZ\BHWebServer\Apache24\htdocs\thinkphp_3.2.3_full\Application\Home\Common\function.php 第 11 行.
NOTIC: [8] Undefined index: index D:\BHXZ\BHWebServer\Apache24\htdocs\thinkphp_3.2.3_full\Application\Home\Common\function.php 第 11 行.
NOTIC: [8] Use of undefined constant index - assumed 'index' D:\BHXZ\BHWebServer\Apache24\htdocs\thinkphp_3.2.3_full\Application\Home\Common\function.php 第 12 行.
NOTIC: [8] Use of undefined constant index - assumed 'index' D:\BHXZ\BHWebServer\Apache24\htdocs\thinkphp_3.2.3_full\Application\Home\Common\function.php 第 11 行.
NOTIC: [8] Undefined index: index D:\BHXZ\BHWebServer\Apache24\htdocs\thinkphp_3.2.3_full\Application\Home\Common\function.php 第 11 行.
NOTIC: [8] Use of undefined constant index - assumed 'index' D:\BHXZ\BHWebServer\Apache24\htdocs\thinkphp_3.2.3_full\Application\Home\Common\function.php 第 12 行.
NOTIC: [8] Use of undefined constant index - assumed 'index' D:\BHXZ\BHWebServer\Apache24\htdocs\thinkphp_3.2.3_full\Application\Home\Common\function.php 第 11 行.
NOTIC: [8] Undefined index: index D:\BHXZ\BHWebServer\Apache24\htdocs\thinkphp_3.2.3_full\Application\Home\Common\function.php 第 11 行.
NOTIC: [8] Use of undefined constant index - assumed 'index' D:\BHXZ\BHWebServer\Apache24\htdocs\thinkphp_3.2.3_full\Application\Home\Common\function.php 第 12 行.
NOTIC: [8] Use of undefined constant index - assumed 'index' D:\BHXZ\BHWebServer\Apache24\htdocs\thinkphp_3.2.3_full\Application\Home\Common\function.php 第 11 行.
NOTIC: [8] Undefined index: index D:\BHXZ\BHWebServer\Apache24\htdocs\thinkphp_3.2.3_full\Application\Home\Common\function.php 第 11 行.
NOTIC: [8] Use of undefined constant index - assumed 'index' D:\BHXZ\BHWebServer\Apache24\htdocs\thinkphp_3.2.3_full\Application\Home\Common\function.php 第 12 行.
NOTIC: [8] Use of undefined constant index - assumed 'index' D:\BHXZ\BHWebServer\Apache24\htdocs\thinkphp_3.2.3_full\Application\Home\Common\function.php 第 11 行.
NOTIC: [8] Undefined index: index D:\BHXZ\BHWebServer\Apache24\htdocs\thinkphp_3.2.3_full\Application\Home\Common\function.php 第 11 行.
NOTIC: [8] Use of undefined constant index - assumed 'index' D:\BHXZ\BHWebServer\Apache24\htdocs\thinkphp_3.2.3_full\Application\Home\Common\function.php 第 12 行.
NOTIC: [8] Use of undefined constant index - assumed 'index' D:\BHXZ\BHWebServer\Apache24\htdocs\thinkphp_3.2.3_full\Application\Home\Common\function.php 第 11 行.
NOTIC: [8] Undefined index: index D:\BHXZ\BHWebServer\Apache24\htdocs\thinkphp_3.2.3_full\Application\Home\Common\function.php 第 11 行.
NOTIC: [8] Use of undefined constant index - assumed 'index' D:\BHXZ\BHWebServer\Apache24\htdocs\thinkphp_3.2.3_full\Application\Home\Common\function.php 第 12 行.
NOTIC: [8] Use of undefined constant index - assumed 'index' D:\BHXZ\BHWebServer\Apache24\htdocs\thinkphp_3.2.3_full\Application\Home\Common\function.php 第 11 行.
NOTIC: [8] Undefined index: index D:\BHXZ\BHWebServer\Apache24\htdocs\thinkphp_3.2.3_full\Application\Home\Common\function.php 第 11 行.
NOTIC: [8] Use of undefined constant index - assumed 'index' D:\BHXZ\BHWebServer\Apache24\htdocs\thinkphp_3.2.3_full\Application\Home\Common\function.php 第 12 行.
NOTIC: [8] Use of undefined constant index - assumed 'index' D:\BHXZ\BHWebServer\Apache24\htdocs\thinkphp_3.2.3_full\Application\Home\Common\function.php 第 11 行.
NOTIC: [8] Undefined index: index D:\BHXZ\BHWebServer\Apache24\htdocs\thinkphp_3.2.3_full\Application\Home\Common\function.php 第 11 行.
NOTIC: [8] Use of undefined constant index - assumed 'index' D:\BHXZ\BHWebServer\Apache24\htdocs\thinkphp_3.2.3_full\Application\Home\Common\function.php 第 12 行.
NOTIC: [8] Use of undefined constant index - assumed 'index' D:\BHXZ\BHWebServer\Apache24\htdocs\thinkphp_3.2.3_full\Application\Home\Common\function.php 第 11 行.
NOTIC: [8] Undefined index: index D:\BHXZ\BHWebServer\Apache24\htdocs\thinkphp_3.2.3_full\Application\Home\Common\function.php 第 11 行.
NOTIC: [8] Use of undefined constant index - assumed 'index' D:\BHXZ\BHWebServer\Apache24\htdocs\thinkphp_3.2.3_full\Application\Home\Common\function.php 第 12 行.
NOTIC: [8] Use of undefined constant index - assumed 'index' D:\BHXZ\BHWebServer\Apache24\htdocs\thinkphp_3.2.3_full\Application\Home\Common\function.php 第 11 行.
NOTIC: [8] Undefined index: index D:\BHXZ\BHWebServer\Apache24\htdocs\thinkphp_3.2.3_full\Application\Home\Common\function.php 第 11 行.
NOTIC: [8] Use of undefined constant index - assumed 'index' D:\BHXZ\BHWebServer\Apache24\htdocs\thinkphp_3.2.3_full\Application\Home\Common\function.php 第 12 行.
NOTIC: [8] Use of undefined constant index - assumed 'index' D:\BHXZ\BHWebServer\Apache24\htdocs\thinkphp_3.2.3_full\Application\Home\Common\function.php 第 11 行.
NOTIC: [8] Undefined index: index D:\BHXZ\BHWebServer\Apache24\htdocs\thinkphp_3.2.3_full\Application\Home\Common\function.php 第 11 行.
NOTIC: [8] Use of undefined constant index - assumed 'index' D:\BHXZ\BHWebServer\Apache24\htdocs\thinkphp_3.2.3_full\Application\Home\Common\function.php 第 12 行.
NOTIC: [8] Use of undefined constant index - assumed 'index' D:\BHXZ\BHWebServer\Apache24\htdocs\thinkphp_3.2.3_full\Application\Home\Common\function.php 第 11 行.
NOTIC: [8] Undefined index: index D:\BHXZ\BHWebServer\Apache24\htdocs\thinkphp_3.2.3_full\Application\Home\Common\function.php 第 11 行.
NOTIC: [8] Use of undefined constant index - assumed 'index' D:\BHXZ\BHWebServer\Apache24\htdocs\thinkphp_3.2.3_full\Application\Home\Common\function.php 第 12 行.
NOTIC: [8] Use of undefined constant index - assumed 'index' D:\BHXZ\BHWebServer\Apache24\htdocs\thinkphp_3.2.3_full\Application\Home\Common\function.php 第 11 行.
NOTIC: [8] Undefined index: index D:\BHXZ\BHWebServer\Apache24\htdocs\thinkphp_3.2.3_full\Application\Home\Common\function.php 第 11 行.
NOTIC: [8] Use of undefined constant index - assumed 'index' D:\BHXZ\BHWebServer\Apache24\htdocs\thinkphp_3.2.3_full\Application\Home\Common\function.php 第 12 行.
NOTIC: [8] Use of undefined constant index - assumed 'index' D:\BHXZ\BHWebServer\Apache24\htdocs\thinkphp_3.2.3_full\Application\Home\Common\function.php 第 11 行.
NOTIC: [8] Undefined index: index D:\BHXZ\BHWebServer\Apache24\htdocs\thinkphp_3.2.3_full\Application\Home\Common\function.php 第 11 行.
NOTIC: [8] Use of undefined constant index - assumed 'index' D:\BHXZ\BHWebServer\Apache24\htdocs\thinkphp_3.2.3_full\Application\Home\Common\function.php 第 12 行.
NOTIC: [8] Use of undefined constant index - assumed 'index' D:\BHXZ\BHWebServer\Apache24\htdocs\thinkphp_3.2.3_full\Application\Home\Common\function.php 第 11 行.
NOTIC: [8] Undefined index: index D:\BHXZ\BHWebServer\Apache24\htdocs\thinkphp_3.2.3_full\Application\Home\Common\function.php 第 11 行.
NOTIC: [8] Use of undefined constant index - assumed 'index' D:\BHXZ\BHWebServer\Apache24\htdocs\thinkphp_3.2.3_full\Application\Home\Common\function.php 第 12 行.
NOTIC: [8] Use of undefined constant index - assumed 'index' D:\BHXZ\BHWebServer\Apache24\htdocs\thinkphp_3.2.3_full\Application\Home\Common\function.php 第 11 行.
NOTIC: [8] Undefined index: index D:\BHXZ\BHWebServer\Apache24\htdocs\thinkphp_3.2.3_full\Application\Home\Common\function.php 第 11 行.
NOTIC: [8] Use of undefined constant index - assumed 'index' D:\BHXZ\BHWebServer\Apache24\htdocs\thinkphp_3.2.3_full\Application\Home\Common\function.php 第 12 行.
NOTIC: [8] Use of undefined constant index - assumed 'index' D:\BHXZ\BHWebServer\Apache24\htdocs\thinkphp_3.2.3_full\Application\Home\Common\function.php 第 11 行.
NOTIC: [8] Undefined index: index D:\BHXZ\BHWebServer\Apache24\htdocs\thinkphp_3.2.3_full\Application\Home\Common\function.php 第 11 行.
NOTIC: [8] Use of undefined constant index - assumed 'index' D:\BHXZ\BHWebServer\Apache24\htdocs\thinkphp_3.2.3_full\Application\Home\Common\function.php 第 12 行.
NOTIC: [8] Use of undefined constant index - assumed 'index' D:\BHXZ\BHWebServer\Apache24\htdocs\thinkphp_3.2.3_full\Application\Home\Common\function.php 第 11 行.
NOTIC: [8] Undefined index: index D:\BHXZ\BHWebServer\Apache24\htdocs\thinkphp_3.2.3_full\Application\Home\Common\function.php 第 11 行.
NOTIC: [8] Use of undefined constant index - assumed 'index' D:\BHXZ\BHWebServer\Apache24\htdocs\thinkphp_3.2.3_full\Application\Home\Common\function.php 第 12 行.
NOTIC: [8] Use of undefined constant index - assumed 'index' D:\BHXZ\BHWebServer\Apache24\htdocs\thinkphp_3.2.3_full\Application\Home\Common\function.php 第 11 行.
NOTIC: [8] Undefined index: index D:\BHXZ\BHWebServer\Apache24\htdocs\thinkphp_3.2.3_full\Application\Home\Common\function.php 第 11 行.
NOTIC: [8] Use of undefined constant index - assumed 'index' D:\BHXZ\BHWebServer\Apache24\htdocs\thinkphp_3.2.3_full\Application\Home\Common\function.php 第 12 行.
NOTIC: [8] Use of undefined constant index - assumed 'index' D:\BHXZ\BHWebServer\Apache24\htdocs\thinkphp_3.2.3_full\Application\Home\Common\function.php 第 11 行.
NOTIC: [8] Undefined index: index D:\BHXZ\BHWebServer\Apache24\htdocs\thinkphp_3.2.3_full\Application\Home\Common\function.php 第 11 行.
NOTIC: [8] Use of undefined constant index - assumed 'index' D:\BHXZ\BHWebServer\Apache24\htdocs\thinkphp_3.2.3_full\Application\Home\Common\function.php 第 12 行.
NOTIC: [8] Use of undefined constant index - assumed 'index' D:\BHXZ\BHWebServer\Apache24\htdocs\thinkphp_3.2.3_full\Application\Home\Common\function.php 第 11 行.
NOTIC: [8] Undefined index: index D:\BHXZ\BHWebServer\Apache24\htdocs\thinkphp_3.2.3_full\Application\Home\Common\function.php 第 11 行.
NOTIC: [8] Use of undefined constant index - assumed 'index' D:\BHXZ\BHWebServer\Apache24\htdocs\thinkphp_3.2.3_full\Application\Home\Common\function.php 第 12 行.
NOTIC: [8] Use of undefined constant index - assumed 'index' D:\BHXZ\BHWebServer\Apache24\htdocs\thinkphp_3.2.3_full\Application\Home\Common\function.php 第 11 行.
NOTIC: [8] Undefined index: index D:\BHXZ\BHWebServer\Apache24\htdocs\thinkphp_3.2.3_full\Application\Home\Common\function.php 第 11 行.
NOTIC: [8] Use of undefined constant index - assumed 'index' D:\BHXZ\BHWebServer\Apache24\htdocs\thinkphp_3.2.3_full\Application\Home\Common\function.php 第 12 行.
NOTIC: [8] Use of undefined constant index - assumed 'index' D:\BHXZ\BHWebServer\Apache24\htdocs\thinkphp_3.2.3_full\Application\Home\Common\function.php 第 11 行.
NOTIC: [8] Undefined index: index D:\BHXZ\BHWebServer\Apache24\htdocs\thinkphp_3.2.3_full\Application\Home\Common\function.php 第 11 行.
NOTIC: [8] Use of undefined constant index - assumed 'index' D:\BHXZ\BHWebServer\Apache24\htdocs\thinkphp_3.2.3_full\Application\Home\Common\function.php 第 12 行.
NOTIC: [8] Use of undefined constant index - assumed 'index' D:\BHXZ\BHWebServer\Apache24\htdocs\thinkphp_3.2.3_full\Application\Home\Common\function.php 第 11 行.
NOTIC: [8] Undefined index: index D:\BHXZ\BHWebServer\Apache24\htdocs\thinkphp_3.2.3_full\Application\Home\Common\function.php 第 11 行.
NOTIC: [8] Use of undefined constant index - assumed 'index' D:\BHXZ\BHWebServer\Apache24\htdocs\thinkphp_3.2.3_full\Application\Home\Common\function.php 第 12 行.
NOTIC: [8] Use of undefined constant index - assumed 'index' D:\BHXZ\BHWebServer\Apache24\htdocs\thinkphp_3.2.3_full\Application\Home\Common\function.php 第 11 行.
NOTIC: [8] Undefined index: index D:\BHXZ\BHWebServer\Apache24\htdocs\thinkphp_3.2.3_full\Application\Home\Common\function.php 第 11 行.
NOTIC: [8] Use of undefined constant index - assumed 'index' D:\BHXZ\BHWebServer\Apache24\htdocs\thinkphp_3.2.3_full\Application\Home\Common\function.php 第 12 行.
NOTIC: [8] Use of undefined constant index - assumed 'index' D:\BHXZ\BHWebServer\Apache24\htdocs\thinkphp_3.2.3_full\Application\Home\Common\function.php 第 11 行.
NOTIC: [8] Undefined index: index D:\BHXZ\BHWebServer\Apache24\htdocs\thinkphp_3.2.3_full\Application\Home\Common\function.php 第 11 行.
NOTIC: [8] Use of undefined constant index - assumed 'index' D:\BHXZ\BHWebServer\Apache24\htdocs\thinkphp_3.2.3_full\Application\Home\Common\function.php 第 12 行.
NOTIC: [8] Use of undefined constant index - assumed 'index' D:\BHXZ\BHWebServer\Apache24\htdocs\thinkphp_3.2.3_full\Application\Home\Common\function.php 第 11 行.
NOTIC: [8] Undefined index: index D:\BHXZ\BHWebServer\Apache24\htdocs\thinkphp_3.2.3_full\Application\Home\Common\function.php 第 11 行.
NOTIC: [8] Use of undefined constant index - assumed 'index' D:\BHXZ\BHWebServer\Apache24\htdocs\thinkphp_3.2.3_full\Application\Home\Common\function.php 第 12 行.
NOTIC: [8] Use of undefined constant index - assumed 'index' D:\BHXZ\BHWebServer\Apache24\htdocs\thinkphp_3.2.3_full\Application\Home\Common\function.php 第 11 行.
NOTIC: [8] Undefined index: index D:\BHXZ\BHWebServer\Apache24\htdocs\thinkphp_3.2.3_full\Application\Home\Common\function.php 第 11 行.
NOTIC: [8] Use of undefined constant index - assumed 'index' D:\BHXZ\BHWebServer\Apache24\htdocs\thinkphp_3.2.3_full\Application\Home\Common\function.php 第 12 行.
NOTIC: [8] Use of undefined constant index - assumed 'index' D:\BHXZ\BHWebServer\Apache24\htdocs\thinkphp_3.2.3_full\Application\Home\Common\function.php 第 11 行.
NOTIC: [8] Undefined index: index D:\BHXZ\BHWebServer\Apache24\htdocs\thinkphp_3.2.3_full\Application\Home\Common\function.php 第 11 行.
NOTIC: [8] Use of undefined constant index - assumed 'index' D:\BHXZ\BHWebServer\Apache24\htdocs\thinkphp_3.2.3_full\Application\Home\Common\function.php 第 12 行.
NOTIC: [8] Use of undefined constant index - assumed 'index' D:\BHXZ\BHWebServer\Apache24\htdocs\thinkphp_3.2.3_full\Application\Home\Common\function.php 第 11 行.
NOTIC: [8] Undefined index: index D:\BHXZ\BHWebServer\Apache24\htdocs\thinkphp_3.2.3_full\Application\Home\Common\function.php 第 11 行.
NOTIC: [8] Use of undefined constant index - assumed 'index' D:\BHXZ\BHWebServer\Apache24\htdocs\thinkphp_3.2.3_full\Application\Home\Common\function.php 第 12 行.
NOTIC: [8] Use of undefined constant index - assumed 'index' D:\BHXZ\BHWebServer\Apache24\htdocs\thinkphp_3.2.3_full\Application\Home\Common\function.php 第 11 行.
NOTIC: [8] Undefined index: index D:\BHXZ\BHWebServer\Apache24\htdocs\thinkphp_3.2.3_full\Application\Home\Common\function.php 第 11 行.
NOTIC: [8] Use of undefined constant index - assumed 'index' D:\BHXZ\BHWebServer\Apache24\htdocs\thinkphp_3.2.3_full\Application\Home\Common\function.php 第 12 行.
NOTIC: [8] Use of undefined constant index - assumed 'index' D:\BHXZ\BHWebServer\Apache24\htdocs\thinkphp_3.2.3_full\Application\Home\Common\function.php 第 11 行.
NOTIC: [8] Undefined index: index D:\BHXZ\BHWebServer\Apache24\htdocs\thinkphp_3.2.3_full\Application\Home\Common\function.php 第 11 行.
NOTIC: [8] Use of undefined constant index - assumed 'index' D:\BHXZ\BHWebServer\Apache24\htdocs\thinkphp_3.2.3_full\Application\Home\Common\function.php 第 12 行.
NOTIC: [8] Use of undefined constant index - assumed 'index' D:\BHXZ\BHWebServer\Apache24\htdocs\thinkphp_3.2.3_full\Application\Home\Common\function.php 第 11 行.
NOTIC: [8] Undefined index: index D:\BHXZ\BHWebServer\Apache24\htdocs\thinkphp_3.2.3_full\Application\Home\Common\function.php 第 11 行.
NOTIC: [8] Use of undefined constant index - assumed 'index' D:\BHXZ\BHWebServer\Apache24\htdocs\thinkphp_3.2.3_full\Application\Home\Common\function.php 第 12 行.
NOTIC: [8] Use of undefined constant index - assumed 'index' D:\BHXZ\BHWebServer\Apache24\htdocs\thinkphp_3.2.3_full\Application\Home\Common\function.php 第 11 行.
NOTIC: [8] Undefined index: index D:\BHXZ\BHWebServer\Apache24\htdocs\thinkphp_3.2.3_full\Application\Home\Common\function.php 第 11 行.
NOTIC: [8] Use of undefined constant index - assumed 'index' D:\BHXZ\BHWebServer\Apache24\htdocs\thinkphp_3.2.3_full\Application\Home\Common\function.php 第 12 行.
NOTIC: [8] Use of undefined constant index - assumed 'index' D:\BHXZ\BHWebServer\Apache24\htdocs\thinkphp_3.2.3_full\Application\Home\Common\function.php 第 11 行.
NOTIC: [8] Undefined index: index D:\BHXZ\BHWebServer\Apache24\htdocs\thinkphp_3.2.3_full\Application\Home\Common\function.php 第 11 行.
NOTIC: [8] Use of undefined constant index - assumed 'index' D:\BHXZ\BHWebServer\Apache24\htdocs\thinkphp_3.2.3_full\Application\Home\Common\function.php 第 12 行.
NOTIC: [8] Use of undefined constant index - assumed 'index' D:\BHXZ\BHWebServer\Apache24\htdocs\thinkphp_3.2.3_full\Application\Home\Common\function.php 第 11 行.
NOTIC: [8] Undefined index: index D:\BHXZ\BHWebServer\Apache24\htdocs\thinkphp_3.2.3_full\Application\Home\Common\function.php 第 11 行.
NOTIC: [8] Use of undefined constant index - assumed 'index' D:\BHXZ\BHWebServer\Apache24\htdocs\thinkphp_3.2.3_full\Application\Home\Common\function.php 第 12 行.
NOTIC: [8] Use of undefined constant index - assumed 'index' D:\BHXZ\BHWebServer\Apache24\htdocs\thinkphp_3.2.3_full\Application\Home\Common\function.php 第 11 行.
NOTIC: [8] Undefined index: index D:\BHXZ\BHWebServer\Apache24\htdocs\thinkphp_3.2.3_full\Application\Home\Common\function.php 第 11 行.
NOTIC: [8] Use of undefined constant index - assumed 'index' D:\BHXZ\BHWebServer\Apache24\htdocs\thinkphp_3.2.3_full\Application\Home\Common\function.php 第 12 行.
NOTIC: [8] Use of undefined constant index - assumed 'index' D:\BHXZ\BHWebServer\Apache24\htdocs\thinkphp_3.2.3_full\Application\Home\Common\function.php 第 11 行.
NOTIC: [8] Undefined index: index D:\BHXZ\BHWebServer\Apache24\htdocs\thinkphp_3.2.3_full\Application\Home\Common\function.php 第 11 行.
NOTIC: [8] Use of undefined constant index - assumed 'index' D:\BHXZ\BHWebServer\Apache24\htdocs\thinkphp_3.2.3_full\Application\Home\Common\function.php 第 12 行.
NOTIC: [8] Use of undefined constant index - assumed 'index' D:\BHXZ\BHWebServer\Apache24\htdocs\thinkphp_3.2.3_full\Application\Home\Common\function.php 第 11 行.
NOTIC: [8] Undefined index: index D:\BHXZ\BHWebServer\Apache24\htdocs\thinkphp_3.2.3_full\Application\Home\Common\function.php 第 11 行.
NOTIC: [8] Use of undefined constant index - assumed 'index' D:\BHXZ\BHWebServer\Apache24\htdocs\thinkphp_3.2.3_full\Application\Home\Common\function.php 第 12 行.
NOTIC: [8] Use of undefined constant index - assumed 'index' D:\BHXZ\BHWebServer\Apache24\htdocs\thinkphp_3.2.3_full\Application\Home\Common\function.php 第 11 行.
NOTIC: [8] Undefined index: index D:\BHXZ\BHWebServer\Apache24\htdocs\thinkphp_3.2.3_full\Application\Home\Common\function.php 第 11 行.
NOTIC: [8] Use of undefined constant index - assumed 'index' D:\BHXZ\BHWebServer\Apache24\htdocs\thinkphp_3.2.3_full\Application\Home\Common\function.php 第 12 行.
NOTIC: [8] Use of undefined constant index - assumed 'index' D:\BHXZ\BHWebServer\Apache24\htdocs\thinkphp_3.2.3_full\Application\Home\Common\function.php 第 11 行.
NOTIC: [8] Undefined index: index D:\BHXZ\BHWebServer\Apache24\htdocs\thinkphp_3.2.3_full\Application\Home\Common\function.php 第 11 行.
NOTIC: [8] Use of undefined constant index - assumed 'index' D:\BHXZ\BHWebServer\Apache24\htdocs\thinkphp_3.2.3_full\Application\Home\Common\function.php 第 12 行.
NOTIC: [8] Use of undefined constant index - assumed 'index' D:\BHXZ\BHWebServer\Apache24\htdocs\thinkphp_3.2.3_full\Application\Home\Common\function.php 第 11 行.
NOTIC: [8] Undefined index: index D:\BHXZ\BHWebServer\Apache24\htdocs\thinkphp_3.2.3_full\Application\Home\Common\function.php 第 11 行.
NOTIC: [8] Use of undefined constant index - assumed 'index' D:\BHXZ\BHWebServer\Apache24\htdocs\thinkphp_3.2.3_full\Application\Home\Common\function.php 第 12 行.
NOTIC: [8] Use of undefined constant index - assumed 'index' D:\BHXZ\BHWebServer\Apache24\htdocs\thinkphp_3.2.3_full\Application\Home\Common\function.php 第 11 行.
NOTIC: [8] Undefined index: index D:\BHXZ\BHWebServer\Apache24\htdocs\thinkphp_3.2.3_full\Application\Home\Common\function.php 第 11 行.
NOTIC: [8] Use of undefined constant index - assumed 'index' D:\BHXZ\BHWebServer\Apache24\htdocs\thinkphp_3.2.3_full\Application\Home\Common\function.php 第 12 行.
NOTIC: [8] Use of undefined constant index - assumed 'index' D:\BHXZ\BHWebServer\Apache24\htdocs\thinkphp_3.2.3_full\Application\Home\Common\function.php 第 11 行.
NOTIC: [8] Undefined index: index D:\BHXZ\BHWebServer\Apache24\htdocs\thinkphp_3.2.3_full\Application\Home\Common\function.php 第 11 行.
NOTIC: [8] Use of undefined constant index - assumed 'index' D:\BHXZ\BHWebServer\Apache24\htdocs\thinkphp_3.2.3_full\Application\Home\Common\function.php 第 12 行.
NOTIC: [8] Use of undefined constant index - assumed 'index' D:\BHXZ\BHWebServer\Apache24\htdocs\thinkphp_3.2.3_full\Application\Home\Common\function.php 第 11 行.
NOTIC: [8] Undefined index: index D:\BHXZ\BHWebServer\Apache24\htdocs\thinkphp_3.2.3_full\Application\Home\Common\function.php 第 11 行.
NOTIC: [8] Use of undefined constant index - assumed 'index' D:\BHXZ\BHWebServer\Apache24\htdocs\thinkphp_3.2.3_full\Application\Home\Common\function.php 第 12 行.
NOTIC: [8] Use of undefined constant index - assumed 'index' D:\BHXZ\BHWebServer\Apache24\htdocs\thinkphp_3.2.3_full\Application\Home\Common\function.php 第 11 行.
NOTIC: [8] Undefined index: index D:\BHXZ\BHWebServer\Apache24\htdocs\thinkphp_3.2.3_full\Application\Home\Common\function.php 第 11 行.
NOTIC: [8] Use of undefined constant index - assumed 'index' D:\BHXZ\BHWebServer\Apache24\htdocs\thinkphp_3.2.3_full\Application\Home\Common\function.php 第 12 行.
NOTIC: [8] Use of undefined constant index - assumed 'index' D:\BHXZ\BHWebServer\Apache24\htdocs\thinkphp_3.2.3_full\Application\Home\Common\function.php 第 11 行.
NOTIC: [8] Undefined index: index D:\BHXZ\BHWebServer\Apache24\htdocs\thinkphp_3.2.3_full\Application\Home\Common\function.php 第 11 行.
NOTIC: [8] Use of undefined constant index - assumed 'index' D:\BHXZ\BHWebServer\Apache24\htdocs\thinkphp_3.2.3_full\Application\Home\Common\function.php 第 12 行.
NOTIC: [8] Use of undefined constant index - assumed 'index' D:\BHXZ\BHWebServer\Apache24\htdocs\thinkphp_3.2.3_full\Application\Home\Common\function.php 第 11 行.
NOTIC: [8] Undefined index: index D:\BHXZ\BHWebServer\Apache24\htdocs\thinkphp_3.2.3_full\Application\Home\Common\function.php 第 11 行.
NOTIC: [8] Use of undefined constant index - assumed 'index' D:\BHXZ\BHWebServer\Apache24\htdocs\thinkphp_3.2.3_full\Application\Home\Common\function.php 第 12 行.
NOTIC: [8] Use of undefined constant index - assumed 'index' D:\BHXZ\BHWebServer\Apache24\htdocs\thinkphp_3.2.3_full\Application\Home\Common\function.php 第 11 行.
NOTIC: [8] Undefined index: index D:\BHXZ\BHWebServer\Apache24\htdocs\thinkphp_3.2.3_full\Application\Home\Common\function.php 第 11 行.
NOTIC: [8] Use of undefined constant index - assumed 'index' D:\BHXZ\BHWebServer\Apache24\htdocs\thinkphp_3.2.3_full\Application\Home\Common\function.php 第 12 行.
NOTIC: [8] Use of undefined constant index - assumed 'index' D:\BHXZ\BHWebServer\Apache24\htdocs\thinkphp_3.2.3_full\Application\Home\Common\function.php 第 11 行.
NOTIC: [8] Undefined index: index D:\BHXZ\BHWebServer\Apache24\htdocs\thinkphp_3.2.3_full\Application\Home\Common\function.php 第 11 行.
NOTIC: [8] Use of undefined constant index - assumed 'index' D:\BHXZ\BHWebServer\Apache24\htdocs\thinkphp_3.2.3_full\Application\Home\Common\function.php 第 12 行.
NOTIC: [8] Use of undefined constant index - assumed 'index' D:\BHXZ\BHWebServer\Apache24\htdocs\thinkphp_3.2.3_full\Application\Home\Common\function.php 第 11 行.
NOTIC: [8] Undefined index: index D:\BHXZ\BHWebServer\Apache24\htdocs\thinkphp_3.2.3_full\Application\Home\Common\function.php 第 11 行.
NOTIC: [8] Use of undefined constant index - assumed 'index' D:\BHXZ\BHWebServer\Apache24\htdocs\thinkphp_3.2.3_full\Application\Home\Common\function.php 第 12 行.
NOTIC: [8] Use of undefined constant index - assumed 'index' D:\BHXZ\BHWebServer\Apache24\htdocs\thinkphp_3.2.3_full\Application\Home\Common\function.php 第 11 行.
NOTIC: [8] Undefined index: index D:\BHXZ\BHWebServer\Apache24\htdocs\thinkphp_3.2.3_full\Application\Home\Common\function.php 第 11 行.
NOTIC: [8] Use of undefined constant index - assumed 'index' D:\BHXZ\BHWebServer\Apache24\htdocs\thinkphp_3.2.3_full\Application\Home\Common\function.php 第 12 行.
NOTIC: [8] Use of undefined constant index - assumed 'index' D:\BHXZ\BHWebServer\Apache24\htdocs\thinkphp_3.2.3_full\Application\Home\Common\function.php 第 11 行.
NOTIC: [8] Undefined index: index D:\BHXZ\BHWebServer\Apache24\htdocs\thinkphp_3.2.3_full\Application\Home\Common\function.php 第 11 行.
NOTIC: [8] Use of undefined constant index - assumed 'index' D:\BHXZ\BHWebServer\Apache24\htdocs\thinkphp_3.2.3_full\Application\Home\Common\function.php 第 12 行.
NOTIC: [8] Use of undefined constant index - assumed 'index' D:\BHXZ\BHWebServer\Apache24\htdocs\thinkphp_3.2.3_full\Application\Home\Common\function.php 第 11 行.
NOTIC: [8] Undefined index: index D:\BHXZ\BHWebServer\Apache24\htdocs\thinkphp_3.2.3_full\Application\Home\Common\function.php 第 11 行.
NOTIC: [8] Use of undefined constant index - assumed 'index' D:\BHXZ\BHWebServer\Apache24\htdocs\thinkphp_3.2.3_full\Application\Home\Common\function.php 第 12 行.
INFO: [ view_parse ] --START--
INFO: [ template_filter ] --START--
INFO: Run Behavior\ContentReplaceBehavior [ RunTime:0.000000s ]
INFO: [ template_filter ] --END-- [ RunTime:0.000000s ]
NOTIC: [8] Use of undefined constant index - assumed 'index' D:\BHXZ\BHWebServer\Apache24\htdocs\thinkphp_3.2.3_full\Application\Runtime\Cache\Home\2a94b8bda04ff446dcedd42276fc99ee.php 第 13 行.
NOTIC: [8] Undefined variable: list D:\BHXZ\BHWebServer\Apache24\htdocs\thinkphp_3.2.3_full\Application\Runtime\Cache\Home\2a94b8bda04ff446dcedd42276fc99ee.php 第 19 行.
NOTIC: [8] Use of undefined constant add - assumed 'add' D:\BHXZ\BHWebServer\Apache24\htdocs\thinkphp_3.2.3_full\Application\Runtime\Cache\Home\2a94b8bda04ff446dcedd42276fc99ee.php 第 32 行.
NOTIC: [8] Use of undefined constant del - assumed 'del' D:\BHXZ\BHWebServer\Apache24\htdocs\thinkphp_3.2.3_full\Application\Runtime\Cache\Home\2a94b8bda04ff446dcedd42276fc99ee.php 第 38 行.
NOTIC: [8] Use of undefined constant edit - assumed 'edit' D:\BHXZ\BHWebServer\Apache24\htdocs\thinkphp_3.2.3_full\Application\Runtime\Cache\Home\2a94b8bda04ff446dcedd42276fc99ee.php 第 52 行.
INFO: Run Behavior\ParseTemplateBehavior [ RunTime:0.006000s ]
INFO: [ view_parse ] --END-- [ RunTime:0.006000s ]
INFO: [ view_filter ] --START--
INFO: Run Behavior\WriteHtmlCacheBehavior [ RunTime:0.001000s ]
INFO: [ view_filter ] --END-- [ RunTime:0.001000s ]
INFO: [ app_end ] --START--
INFO: Run Behavior\ShowPageTraceBehavior [ RunTime:0.000000s ]
INFO: [ app_end ] --END-- [ RunTime:0.000000s ]

[ 2016-10-18T10:12:03+08:00 ] 127.0.0.1 /thinkphp_3.2.3_full/
INFO: [ app_init ] --START--
INFO: Run Behavior\BuildLiteBehavior [ RunTime:0.000000s ]
INFO: [ app_init ] --END-- [ RunTime:0.001000s ]
INFO: [ app_begin ] --START--
INFO: Run Behavior\ReadHtmlCacheBehavior [ RunTime:0.001000s ]
INFO: [ app_begin ] --END-- [ RunTime:0.001000s ]
NOTIC: [2] fopen(D:\BHXZ\BHWebServer\Apache24\htdocs\thinkphp_3.2.3_full\Application\Home\Model/UTFWry.dat): failed to open stream: No such file or directory D:\BHXZ\BHWebServer\Apache24\htdocs\thinkphp_3.2.3_full\Application\Home\Model\IpLocation.class.php 第 42 行.
INFO: [ view_parse ] --START--
INFO: [ template_filter ] --START--
INFO: Run Behavior\ContentReplaceBehavior [ RunTime:0.000000s ]
INFO: [ template_filter ] --END-- [ RunTime:0.001000s ]
NOTIC: [8] Use of undefined constant index - assumed 'index' D:\BHXZ\BHWebServer\Apache24\htdocs\thinkphp_3.2.3_full\Application\Runtime\Cache\Home\2a94b8bda04ff446dcedd42276fc99ee.php 第 13 行.
NOTIC: [8] Undefined variable: list D:\BHXZ\BHWebServer\Apache24\htdocs\thinkphp_3.2.3_full\Application\Runtime\Cache\Home\2a94b8bda04ff446dcedd42276fc99ee.php 第 19 行.
NOTIC: [8] Use of undefined constant add - assumed 'add' D:\BHXZ\BHWebServer\Apache24\htdocs\thinkphp_3.2.3_full\Application\Runtime\Cache\Home\2a94b8bda04ff446dcedd42276fc99ee.php 第 32 行.
NOTIC: [8] Use of undefined constant del - assumed 'del' D:\BHXZ\BHWebServer\Apache24\htdocs\thinkphp_3.2.3_full\Application\Runtime\Cache\Home\2a94b8bda04ff446dcedd42276fc99ee.php 第 38 行.
NOTIC: [8] Use of undefined constant edit - assumed 'edit' D:\BHXZ\BHWebServer\Apache24\htdocs\thinkphp_3.2.3_full\Application\Runtime\Cache\Home\2a94b8bda04ff446dcedd42276fc99ee.php 第 52 行.
INFO: Run Behavior\ParseTemplateBehavior [ RunTime:0.006001s ]
INFO: [ view_parse ] --END-- [ RunTime:0.006001s ]
INFO: [ view_filter ] --START--
INFO: Run Behavior\WriteHtmlCacheBehavior [ RunTime:0.000000s ]
INFO: [ view_filter ] --END-- [ RunTime:0.000000s ]
INFO: [ app_end ] --START--
INFO: Run Behavior\ShowPageTraceBehavior [ RunTime:0.001000s ]
INFO: [ app_end ] --END-- [ RunTime:0.001000s ]

[ 2016-10-18T10:12:14+08:00 ] 127.0.0.1 /thinkphp_3.2.3_full/
INFO: [ app_init ] --START--
INFO: Run Behavior\BuildLiteBehavior [ RunTime:0.000000s ]
INFO: [ app_init ] --END-- [ RunTime:0.000000s ]
INFO: [ app_begin ] --START--
INFO: Run Behavior\ReadHtmlCacheBehavior [ RunTime:0.000000s ]
INFO: [ app_begin ] --END-- [ RunTime:0.000000s ]
NOTIC: [2] fopen(D:\BHXZ\BHWebServer\Apache24\htdocs\thinkphp_3.2.3_full\Application\Home\Model/UTFWry.dat): failed to open stream: No such file or directory D:\BHXZ\BHWebServer\Apache24\htdocs\thinkphp_3.2.3_full\Application\Home\Model\IpLocation.class.php 第 42 行.
INFO: [ view_parse ] --START--
INFO: [ template_filter ] --START--
INFO: Run Behavior\ContentReplaceBehavior [ RunTime:0.000000s ]
INFO: [ template_filter ] --END-- [ RunTime:0.000000s ]
NOTIC: [8] Use of undefined constant index - assumed 'index' D:\BHXZ\BHWebServer\Apache24\htdocs\thinkphp_3.2.3_full\Application\Runtime\Cache\Home\2a94b8bda04ff446dcedd42276fc99ee.php 第 13 行.
NOTIC: [8] Undefined variable: list D:\BHXZ\BHWebServer\Apache24\htdocs\thinkphp_3.2.3_full\Application\Runtime\Cache\Home\2a94b8bda04ff446dcedd42276fc99ee.php 第 19 行.
NOTIC: [8] Use of undefined constant add - assumed 'add' D:\BHXZ\BHWebServer\Apache24\htdocs\thinkphp_3.2.3_full\Application\Runtime\Cache\Home\2a94b8bda04ff446dcedd42276fc99ee.php 第 32 行.
NOTIC: [8] Use of undefined constant del - assumed 'del' D:\BHXZ\BHWebServer\Apache24\htdocs\thinkphp_3.2.3_full\Application\Runtime\Cache\Home\2a94b8bda04ff446dcedd42276fc99ee.php 第 38 行.
NOTIC: [8] Use of undefined constant edit - assumed 'edit' D:\BHXZ\BHWebServer\Apache24\htdocs\thinkphp_3.2.3_full\Application\Runtime\Cache\Home\2a94b8bda04ff446dcedd42276fc99ee.php 第 52 行.
INFO: Run Behavior\ParseTemplateBehavior [ RunTime:0.006000s ]
INFO: [ view_parse ] --END-- [ RunTime:0.006000s ]
INFO: [ view_filter ] --START--
INFO: Run Behavior\WriteHtmlCacheBehavior [ RunTime:0.001000s ]
INFO: [ view_filter ] --END-- [ RunTime:0.001000s ]
INFO: [ app_end ] --START--
INFO: Run Behavior\ShowPageTraceBehavior [ RunTime:0.001000s ]
INFO: [ app_end ] --END-- [ RunTime:0.001000s ]

[ 2016-10-18T10:12:23+08:00 ] 127.0.0.1 /thinkphp_3.2.3_full/
INFO: [ app_init ] --START--
INFO: Run Behavior\BuildLiteBehavior [ RunTime:0.000000s ]
INFO: [ app_init ] --END-- [ RunTime:0.001000s ]
INFO: [ app_begin ] --START--
INFO: Run Behavior\ReadHtmlCacheBehavior [ RunTime:0.000000s ]
INFO: [ app_begin ] --END-- [ RunTime:0.000000s ]
NOTIC: [2] fopen(D:\BHXZ\BHWebServer\Apache24\htdocs\thinkphp_3.2.3_full\Application\Home\Model/UTFWry.dat): failed to open stream: No such file or directory D:\BHXZ\BHWebServer\Apache24\htdocs\thinkphp_3.2.3_full\Application\Home\Model\IpLocation.class.php 第 42 行.
INFO: [ view_parse ] --START--
INFO: [ template_filter ] --START--
INFO: Run Behavior\ContentReplaceBehavior [ RunTime:0.000000s ]
INFO: [ template_filter ] --END-- [ RunTime:0.000000s ]
NOTIC: [8] Use of undefined constant index - assumed 'index' D:\BHXZ\BHWebServer\Apache24\htdocs\thinkphp_3.2.3_full\Application\Runtime\Cache\Home\2a94b8bda04ff446dcedd42276fc99ee.php 第 13 行.
NOTIC: [8] Undefined variable: list D:\BHXZ\BHWebServer\Apache24\htdocs\thinkphp_3.2.3_full\Application\Runtime\Cache\Home\2a94b8bda04ff446dcedd42276fc99ee.php 第 19 行.
NOTIC: [8] Use of undefined constant add - assumed 'add' D:\BHXZ\BHWebServer\Apache24\htdocs\thinkphp_3.2.3_full\Application\Runtime\Cache\Home\2a94b8bda04ff446dcedd42276fc99ee.php 第 32 行.
NOTIC: [8] Use of undefined constant del - assumed 'del' D:\BHXZ\BHWebServer\Apache24\htdocs\thinkphp_3.2.3_full\Application\Runtime\Cache\Home\2a94b8bda04ff446dcedd42276fc99ee.php 第 38 行.
NOTIC: [8] Use of undefined constant edit - assumed 'edit' D:\BHXZ\BHWebServer\Apache24\htdocs\thinkphp_3.2.3_full\Application\Runtime\Cache\Home\2a94b8bda04ff446dcedd42276fc99ee.php 第 52 行.
INFO: Run Behavior\ParseTemplateBehavior [ RunTime:0.005001s ]
INFO: [ view_parse ] --END-- [ RunTime:0.006001s ]
INFO: [ view_filter ] --START--
INFO: Run Behavior\WriteHtmlCacheBehavior [ RunTime:0.000000s ]
INFO: [ view_filter ] --END-- [ RunTime:0.000000s ]
INFO: [ app_end ] --START--
INFO: Run Behavior\ShowPageTraceBehavior [ RunTime:0.001000s ]
INFO: [ app_end ] --END-- [ RunTime:0.001000s ]

[ 2016-10-18T10:12:24+08:00 ] 127.0.0.1 /thinkphp_3.2.3_full/
INFO: [ app_init ] --START--
INFO: Run Behavior\BuildLiteBehavior [ RunTime:0.000000s ]
INFO: [ app_init ] --END-- [ RunTime:0.000000s ]
INFO: [ app_begin ] --START--
INFO: Run Behavior\ReadHtmlCacheBehavior [ RunTime:0.001000s ]
INFO: [ app_begin ] --END-- [ RunTime:0.001000s ]
NOTIC: [2] fopen(D:\BHXZ\BHWebServer\Apache24\htdocs\thinkphp_3.2.3_full\Application\Home\Model/UTFWry.dat): failed to open stream: No such file or directory D:\BHXZ\BHWebServer\Apache24\htdocs\thinkphp_3.2.3_full\Application\Home\Model\IpLocation.class.php 第 42 行.
INFO: [ view_parse ] --START--
INFO: [ template_filter ] --START--
INFO: Run Behavior\ContentReplaceBehavior [ RunTime:0.000000s ]
INFO: [ template_filter ] --END-- [ RunTime:0.000000s ]
NOTIC: [8] Use of undefined constant index - assumed 'index' D:\BHXZ\BHWebServer\Apache24\htdocs\thinkphp_3.2.3_full\Application\Runtime\Cache\Home\2a94b8bda04ff446dcedd42276fc99ee.php 第 13 行.
NOTIC: [8] Undefined variable: list D:\BHXZ\BHWebServer\Apache24\htdocs\thinkphp_3.2.3_full\Application\Runtime\Cache\Home\2a94b8bda04ff446dcedd42276fc99ee.php 第 19 行.
NOTIC: [8] Use of undefined constant add - assumed 'add' D:\BHXZ\BHWebServer\Apache24\htdocs\thinkphp_3.2.3_full\Application\Runtime\Cache\Home\2a94b8bda04ff446dcedd42276fc99ee.php 第 32 行.
NOTIC: [8] Use of undefined constant del - assumed 'del' D:\BHXZ\BHWebServer\Apache24\htdocs\thinkphp_3.2.3_full\Application\Runtime\Cache\Home\2a94b8bda04ff446dcedd42276fc99ee.php 第 38 行.
NOTIC: [8] Use of undefined constant edit - assumed 'edit' D:\BHXZ\BHWebServer\Apache24\htdocs\thinkphp_3.2.3_full\Application\Runtime\Cache\Home\2a94b8bda04ff446dcedd42276fc99ee.php 第 52 行.
INFO: Run Behavior\ParseTemplateBehavior [ RunTime:0.006000s ]
INFO: [ view_parse ] --END-- [ RunTime:0.006000s ]
INFO: [ view_filter ] --START--
INFO: Run Behavior\WriteHtmlCacheBehavior [ RunTime:0.000000s ]
INFO: [ view_filter ] --END-- [ RunTime:0.000000s ]
INFO: [ app_end ] --START--
INFO: Run Behavior\ShowPageTraceBehavior [ RunTime:0.001001s ]
INFO: [ app_end ] --END-- [ RunTime:0.001001s ]

[ 2016-10-18T10:12:25+08:00 ] 127.0.0.1 /thinkphp_3.2.3_full/
INFO: [ app_init ] --START--
INFO: Run Behavior\BuildLiteBehavior [ RunTime:0.000000s ]
INFO: [ app_init ] --END-- [ RunTime:0.000000s ]
INFO: [ app_begin ] --START--
INFO: Run Behavior\ReadHtmlCacheBehavior [ RunTime:0.001000s ]
INFO: [ app_begin ] --END-- [ RunTime:0.001000s ]
NOTIC: [2] fopen(D:\BHXZ\BHWebServer\Apache24\htdocs\thinkphp_3.2.3_full\Application\Home\Model/UTFWry.dat): failed to open stream: No such file or directory D:\BHXZ\BHWebServer\Apache24\htdocs\thinkphp_3.2.3_full\Application\Home\Model\IpLocation.class.php 第 42 行.
INFO: [ view_parse ] --START--
INFO: [ template_filter ] --START--
INFO: Run Behavior\ContentReplaceBehavior [ RunTime:0.000000s ]
INFO: [ template_filter ] --END-- [ RunTime:0.000000s ]
NOTIC: [8] Use of undefined constant index - assumed 'index' D:\BHXZ\BHWebServer\Apache24\htdocs\thinkphp_3.2.3_full\Application\Runtime\Cache\Home\2a94b8bda04ff446dcedd42276fc99ee.php 第 13 行.
NOTIC: [8] Undefined variable: list D:\BHXZ\BHWebServer\Apache24\htdocs\thinkphp_3.2.3_full\Application\Runtime\Cache\Home\2a94b8bda04ff446dcedd42276fc99ee.php 第 19 行.
NOTIC: [8] Use of undefined constant add - assumed 'add' D:\BHXZ\BHWebServer\Apache24\htdocs\thinkphp_3.2.3_full\Application\Runtime\Cache\Home\2a94b8bda04ff446dcedd42276fc99ee.php 第 32 行.
NOTIC: [8] Use of undefined constant del - assumed 'del' D:\BHXZ\BHWebServer\Apache24\htdocs\thinkphp_3.2.3_full\Application\Runtime\Cache\Home\2a94b8bda04ff446dcedd42276fc99ee.php 第 38 行.
NOTIC: [8] Use of undefined constant edit - assumed 'edit' D:\BHXZ\BHWebServer\Apache24\htdocs\thinkphp_3.2.3_full\Application\Runtime\Cache\Home\2a94b8bda04ff446dcedd42276fc99ee.php 第 52 行.
INFO: Run Behavior\ParseTemplateBehavior [ RunTime:0.005000s ]
INFO: [ view_parse ] --END-- [ RunTime:0.005000s ]
INFO: [ view_filter ] --START--
INFO: Run Behavior\WriteHtmlCacheBehavior [ RunTime:0.000000s ]
INFO: [ view_filter ] --END-- [ RunTime:0.000000s ]
INFO: [ app_end ] --START--
INFO: Run Behavior\ShowPageTraceBehavior [ RunTime:0.001001s ]
INFO: [ app_end ] --END-- [ RunTime:0.001001s ]

[ 2016-10-18T10:13:16+08:00 ] 127.0.0.1 /thinkphp_3.2.3_full/
INFO: [ app_init ] --START--
INFO: Run Behavior\BuildLiteBehavior [ RunTime:0.000000s ]
INFO: [ app_init ] --END-- [ RunTime:0.000000s ]
INFO: [ app_begin ] --START--
INFO: Run Behavior\ReadHtmlCacheBehavior [ RunTime:0.000000s ]
INFO: [ app_begin ] --END-- [ RunTime:0.000000s ]
NOTIC: [2] fopen(D:\BHXZ\BHWebServer\Apache24\htdocs\thinkphp_3.2.3_full\Application\Home\Model/UTFWry.dat): failed to open stream: No such file or directory D:\BHXZ\BHWebServer\Apache24\htdocs\thinkphp_3.2.3_full\Application\Home\Model\IpLocation.class.php 第 42 行.
INFO: [ view_parse ] --START--
INFO: [ template_filter ] --START--
INFO: Run Behavior\ContentReplaceBehavior [ RunTime:0.000000s ]
INFO: [ template_filter ] --END-- [ RunTime:0.000000s ]
NOTIC: [8] Use of undefined constant index - assumed 'index' D:\BHXZ\BHWebServer\Apache24\htdocs\thinkphp_3.2.3_full\Application\Runtime\Cache\Home\2a94b8bda04ff446dcedd42276fc99ee.php 第 13 行.
NOTIC: [8] Undefined variable: list D:\BHXZ\BHWebServer\Apache24\htdocs\thinkphp_3.2.3_full\Application\Runtime\Cache\Home\2a94b8bda04ff446dcedd42276fc99ee.php 第 19 行.
NOTIC: [8] Use of undefined constant add - assumed 'add' D:\BHXZ\BHWebServer\Apache24\htdocs\thinkphp_3.2.3_full\Application\Runtime\Cache\Home\2a94b8bda04ff446dcedd42276fc99ee.php 第 32 行.
NOTIC: [8] Use of undefined constant del - assumed 'del' D:\BHXZ\BHWebServer\Apache24\htdocs\thinkphp_3.2.3_full\Application\Runtime\Cache\Home\2a94b8bda04ff446dcedd42276fc99ee.php 第 38 行.
NOTIC: [8] Use of undefined constant edit - assumed 'edit' D:\BHXZ\BHWebServer\Apache24\htdocs\thinkphp_3.2.3_full\Application\Runtime\Cache\Home\2a94b8bda04ff446dcedd42276fc99ee.php 第 52 行.
INFO: Run Behavior\ParseTemplateBehavior [ RunTime:0.005001s ]
INFO: [ view_parse ] --END-- [ RunTime:0.005001s ]
INFO: [ view_filter ] --START--
INFO: Run Behavior\WriteHtmlCacheBehavior [ RunTime:0.001000s ]
INFO: [ view_filter ] --END-- [ RunTime:0.001000s ]
INFO: [ app_end ] --START--
INFO: Run Behavior\ShowPageTraceBehavior [ RunTime:0.000000s ]
INFO: [ app_end ] --END-- [ RunTime:0.000000s ]

[ 2016-10-18T10:13:17+08:00 ] 127.0.0.1 /thinkphp_3.2.3_full/
INFO: [ app_init ] --START--
INFO: Run Behavior\BuildLiteBehavior [ RunTime:0.000000s ]
INFO: [ app_init ] --END-- [ RunTime:0.000000s ]
INFO: [ app_begin ] --START--
INFO: Run Behavior\ReadHtmlCacheBehavior [ RunTime:0.001000s ]
INFO: [ app_begin ] --END-- [ RunTime:0.001000s ]
NOTIC: [2] fopen(D:\BHXZ\BHWebServer\Apache24\htdocs\thinkphp_3.2.3_full\Application\Home\Model/UTFWry.dat): failed to open stream: No such file or directory D:\BHXZ\BHWebServer\Apache24\htdocs\thinkphp_3.2.3_full\Application\Home\Model\IpLocation.class.php 第 42 行.
INFO: [ view_parse ] --START--
INFO: [ template_filter ] --START--
INFO: Run Behavior\ContentReplaceBehavior [ RunTime:0.000000s ]
INFO: [ template_filter ] --END-- [ RunTime:0.000000s ]
NOTIC: [8] Use of undefined constant index - assumed 'index' D:\BHXZ\BHWebServer\Apache24\htdocs\thinkphp_3.2.3_full\Application\Runtime\Cache\Home\2a94b8bda04ff446dcedd42276fc99ee.php 第 13 行.
NOTIC: [8] Undefined variable: list D:\BHXZ\BHWebServer\Apache24\htdocs\thinkphp_3.2.3_full\Application\Runtime\Cache\Home\2a94b8bda04ff446dcedd42276fc99ee.php 第 19 行.
NOTIC: [8] Use of undefined constant add - assumed 'add' D:\BHXZ\BHWebServer\Apache24\htdocs\thinkphp_3.2.3_full\Application\Runtime\Cache\Home\2a94b8bda04ff446dcedd42276fc99ee.php 第 32 行.
NOTIC: [8] Use of undefined constant del - assumed 'del' D:\BHXZ\BHWebServer\Apache24\htdocs\thinkphp_3.2.3_full\Application\Runtime\Cache\Home\2a94b8bda04ff446dcedd42276fc99ee.php 第 38 行.
NOTIC: [8] Use of undefined constant edit - assumed 'edit' D:\BHXZ\BHWebServer\Apache24\htdocs\thinkphp_3.2.3_full\Application\Runtime\Cache\Home\2a94b8bda04ff446dcedd42276fc99ee.php 第 52 行.
INFO: Run Behavior\ParseTemplateBehavior [ RunTime:0.005000s ]
INFO: [ view_parse ] --END-- [ RunTime:0.006000s ]
INFO: [ view_filter ] --START--
INFO: Run Behavior\WriteHtmlCacheBehavior [ RunTime:0.000000s ]
INFO: [ view_filter ] --END-- [ RunTime:0.001000s ]
INFO: [ app_end ] --START--
INFO: Run Behavior\ShowPageTraceBehavior [ RunTime:0.001000s ]
INFO: [ app_end ] --END-- [ RunTime:0.001000s ]

[ 2016-10-18T10:13:18+08:00 ] 127.0.0.1 /thinkphp_3.2.3_full/
INFO: [ app_init ] --START--
INFO: Run Behavior\BuildLiteBehavior [ RunTime:0.000000s ]
INFO: [ app_init ] --END-- [ RunTime:0.000000s ]
INFO: [ app_begin ] --START--
INFO: Run Behavior\ReadHtmlCacheBehavior [ RunTime:0.001001s ]
INFO: [ app_begin ] --END-- [ RunTime:0.001001s ]
NOTIC: [2] fopen(D:\BHXZ\BHWebServer\Apache24\htdocs\thinkphp_3.2.3_full\Application\Home\Model/UTFWry.dat): failed to open stream: No such file or directory D:\BHXZ\BHWebServer\Apache24\htdocs\thinkphp_3.2.3_full\Application\Home\Model\IpLocation.class.php 第 42 行.
INFO: [ view_parse ] --START--
INFO: [ template_filter ] --START--
INFO: Run Behavior\ContentReplaceBehavior [ RunTime:0.000000s ]
INFO: [ template_filter ] --END-- [ RunTime:0.000000s ]
NOTIC: [8] Use of undefined constant index - assumed 'index' D:\BHXZ\BHWebServer\Apache24\htdocs\thinkphp_3.2.3_full\Application\Runtime\Cache\Home\2a94b8bda04ff446dcedd42276fc99ee.php 第 13 行.
NOTIC: [8] Undefined variable: list D:\BHXZ\BHWebServer\Apache24\htdocs\thinkphp_3.2.3_full\Application\Runtime\Cache\Home\2a94b8bda04ff446dcedd42276fc99ee.php 第 19 行.
NOTIC: [8] Use of undefined constant add - assumed 'add' D:\BHXZ\BHWebServer\Apache24\htdocs\thinkphp_3.2.3_full\Application\Runtime\Cache\Home\2a94b8bda04ff446dcedd42276fc99ee.php 第 32 行.
NOTIC: [8] Use of undefined constant del - assumed 'del' D:\BHXZ\BHWebServer\Apache24\htdocs\thinkphp_3.2.3_full\Application\Runtime\Cache\Home\2a94b8bda04ff446dcedd42276fc99ee.php 第 38 行.
NOTIC: [8] Use of undefined constant edit - assumed 'edit' D:\BHXZ\BHWebServer\Apache24\htdocs\thinkphp_3.2.3_full\Application\Runtime\Cache\Home\2a94b8bda04ff446dcedd42276fc99ee.php 第 52 行.
INFO: Run Behavior\ParseTemplateBehavior [ RunTime:0.006000s ]
INFO: [ view_parse ] --END-- [ RunTime:0.006000s ]
INFO: [ view_filter ] --START--
INFO: Run Behavior\WriteHtmlCacheBehavior [ RunTime:0.000000s ]
INFO: [ view_filter ] --END-- [ RunTime:0.000000s ]
INFO: [ app_end ] --START--
INFO: Run Behavior\ShowPageTraceBehavior [ RunTime:0.001000s ]
INFO: [ app_end ] --END-- [ RunTime:0.001000s ]

[ 2016-10-18T10:13:18+08:00 ] 127.0.0.1 /thinkphp_3.2.3_full/
INFO: [ app_init ] --START--
INFO: Run Behavior\BuildLiteBehavior [ RunTime:0.000000s ]
INFO: [ app_init ] --END-- [ RunTime:0.000000s ]
INFO: [ app_begin ] --START--
INFO: Run Behavior\ReadHtmlCacheBehavior [ RunTime:0.001000s ]
INFO: [ app_begin ] --END-- [ RunTime:0.001000s ]
NOTIC: [2] fopen(D:\BHXZ\BHWebServer\Apache24\htdocs\thinkphp_3.2.3_full\Application\Home\Model/UTFWry.dat): failed to open stream: No such file or directory D:\BHXZ\BHWebServer\Apache24\htdocs\thinkphp_3.2.3_full\Application\Home\Model\IpLocation.class.php 第 42 行.
INFO: [ view_parse ] --START--
INFO: [ template_filter ] --START--
INFO: Run Behavior\ContentReplaceBehavior [ RunTime:0.000000s ]
INFO: [ template_filter ] --END-- [ RunTime:0.000000s ]
NOTIC: [8] Use of undefined constant index - assumed 'index' D:\BHXZ\BHWebServer\Apache24\htdocs\thinkphp_3.2.3_full\Application\Runtime\Cache\Home\2a94b8bda04ff446dcedd42276fc99ee.php 第 13 行.
NOTIC: [8] Undefined variable: list D:\BHXZ\BHWebServer\Apache24\htdocs\thinkphp_3.2.3_full\Application\Runtime\Cache\Home\2a94b8bda04ff446dcedd42276fc99ee.php 第 19 行.
NOTIC: [8] Use of undefined constant add - assumed 'add' D:\BHXZ\BHWebServer\Apache24\htdocs\thinkphp_3.2.3_full\Application\Runtime\Cache\Home\2a94b8bda04ff446dcedd42276fc99ee.php 第 32 行.
NOTIC: [8] Use of undefined constant del - assumed 'del' D:\BHXZ\BHWebServer\Apache24\htdocs\thinkphp_3.2.3_full\Application\Runtime\Cache\Home\2a94b8bda04ff446dcedd42276fc99ee.php 第 38 行.
NOTIC: [8] Use of undefined constant edit - assumed 'edit' D:\BHXZ\BHWebServer\Apache24\htdocs\thinkphp_3.2.3_full\Application\Runtime\Cache\Home\2a94b8bda04ff446dcedd42276fc99ee.php 第 52 行.
INFO: Run Behavior\ParseTemplateBehavior [ RunTime:0.006000s ]
INFO: [ view_parse ] --END-- [ RunTime:0.006000s ]
INFO: [ view_filter ] --START--
INFO: Run Behavior\WriteHtmlCacheBehavior [ RunTime:0.000000s ]
INFO: [ view_filter ] --END-- [ RunTime:0.000000s ]
INFO: [ app_end ] --START--
INFO: Run Behavior\ShowPageTraceBehavior [ RunTime:0.001000s ]
INFO: [ app_end ] --END-- [ RunTime:0.001000s ]

[ 2016-10-18T10:13:18+08:00 ] 127.0.0.1 /thinkphp_3.2.3_full/
INFO: [ app_init ] --START--
INFO: Run Behavior\BuildLiteBehavior [ RunTime:0.000000s ]
INFO: [ app_init ] --END-- [ RunTime:0.000000s ]
INFO: [ app_begin ] --START--
INFO: Run Behavior\ReadHtmlCacheBehavior [ RunTime:0.001000s ]
INFO: [ app_begin ] --END-- [ RunTime:0.001000s ]
NOTIC: [2] fopen(D:\BHXZ\BHWebServer\Apache24\htdocs\thinkphp_3.2.3_full\Application\Home\Model/UTFWry.dat): failed to open stream: No such file or directory D:\BHXZ\BHWebServer\Apache24\htdocs\thinkphp_3.2.3_full\Application\Home\Model\IpLocation.class.php 第 42 行.
INFO: [ view_parse ] --START--
INFO: [ template_filter ] --START--
INFO: Run Behavior\ContentReplaceBehavior [ RunTime:0.000000s ]
INFO: [ template_filter ] --END-- [ RunTime:0.001000s ]
NOTIC: [8] Use of undefined constant index - assumed 'index' D:\BHXZ\BHWebServer\Apache24\htdocs\thinkphp_3.2.3_full\Application\Runtime\Cache\Home\2a94b8bda04ff446dcedd42276fc99ee.php 第 13 行.
NOTIC: [8] Undefined variable: list D:\BHXZ\BHWebServer\Apache24\htdocs\thinkphp_3.2.3_full\Application\Runtime\Cache\Home\2a94b8bda04ff446dcedd42276fc99ee.php 第 19 行.
NOTIC: [8] Use of undefined constant add - assumed 'add' D:\BHXZ\BHWebServer\Apache24\htdocs\thinkphp_3.2.3_full\Application\Runtime\Cache\Home\2a94b8bda04ff446dcedd42276fc99ee.php 第 32 行.
NOTIC: [8] Use of undefined constant del - assumed 'del' D:\BHXZ\BHWebServer\Apache24\htdocs\thinkphp_3.2.3_full\Application\Runtime\Cache\Home\2a94b8bda04ff446dcedd42276fc99ee.php 第 38 行.
NOTIC: [8] Use of undefined constant edit - assumed 'edit' D:\BHXZ\BHWebServer\Apache24\htdocs\thinkphp_3.2.3_full\Application\Runtime\Cache\Home\2a94b8bda04ff446dcedd42276fc99ee.php 第 52 行.
INFO: Run Behavior\ParseTemplateBehavior [ RunTime:0.006000s ]
INFO: [ view_parse ] --END-- [ RunTime:0.006000s ]
INFO: [ view_filter ] --START--
INFO: Run Behavior\WriteHtmlCacheBehavior [ RunTime:0.000000s ]
INFO: [ view_filter ] --END-- [ RunTime:0.000000s ]
INFO: [ app_end ] --START--
INFO: Run Behavior\ShowPageTraceBehavior [ RunTime:0.000000s ]
INFO: [ app_end ] --END-- [ RunTime:0.001000s ]

[ 2016-10-18T10:14:13+08:00 ] 127.0.0.1 /thinkphp_3.2.3_full/
INFO: [ app_init ] --START--
INFO: Run Behavior\BuildLiteBehavior [ RunTime:0.000000s ]
INFO: [ app_init ] --END-- [ RunTime:0.000000s ]
INFO: [ app_begin ] --START--
INFO: Run Behavior\ReadHtmlCacheBehavior [ RunTime:0.000000s ]
INFO: [ app_begin ] --END-- [ RunTime:0.000000s ]
NOTIC: [2] fopen(D:\BHXZ\BHWebServer\Apache24\htdocs\thinkphp_3.2.3_full\Application\Home\Model/UTFWry.dat): failed to open stream: No such file or directory D:\BHXZ\BHWebServer\Apache24\htdocs\thinkphp_3.2.3_full\Application\Home\Model\IpLocation.class.php 第 42 行.
INFO: [ view_parse ] --START--
INFO: [ template_filter ] --START--
INFO: Run Behavior\ContentReplaceBehavior [ RunTime:0.000000s ]
INFO: [ template_filter ] --END-- [ RunTime:0.000000s ]
NOTIC: [8] Use of undefined constant index - assumed 'index' D:\BHXZ\BHWebServer\Apache24\htdocs\thinkphp_3.2.3_full\Application\Runtime\Cache\Home\2a94b8bda04ff446dcedd42276fc99ee.php 第 13 行.
NOTIC: [8] Undefined variable: list D:\BHXZ\BHWebServer\Apache24\htdocs\thinkphp_3.2.3_full\Application\Runtime\Cache\Home\2a94b8bda04ff446dcedd42276fc99ee.php 第 19 行.
NOTIC: [8] Use of undefined constant add - assumed 'add' D:\BHXZ\BHWebServer\Apache24\htdocs\thinkphp_3.2.3_full\Application\Runtime\Cache\Home\2a94b8bda04ff446dcedd42276fc99ee.php 第 32 行.
NOTIC: [8] Use of undefined constant del - assumed 'del' D:\BHXZ\BHWebServer\Apache24\htdocs\thinkphp_3.2.3_full\Application\Runtime\Cache\Home\2a94b8bda04ff446dcedd42276fc99ee.php 第 38 行.
NOTIC: [8] Use of undefined constant edit - assumed 'edit' D:\BHXZ\BHWebServer\Apache24\htdocs\thinkphp_3.2.3_full\Application\Runtime\Cache\Home\2a94b8bda04ff446dcedd42276fc99ee.php 第 52 行.
INFO: Run Behavior\ParseTemplateBehavior [ RunTime:0.005000s ]
INFO: [ view_parse ] --END-- [ RunTime:0.005000s ]
INFO: [ view_filter ] --START--
INFO: Run Behavior\WriteHtmlCacheBehavior [ RunTime:0.001000s ]
INFO: [ view_filter ] --END-- [ RunTime:0.001000s ]
INFO: [ app_end ] --START--
INFO: Run Behavior\ShowPageTraceBehavior [ RunTime:0.000000s ]
INFO: [ app_end ] --END-- [ RunTime:0.000000s ]

[ 2016-10-18T10:14:14+08:00 ] 127.0.0.1 /thinkphp_3.2.3_full/
INFO: [ app_init ] --START--
INFO: Run Behavior\BuildLiteBehavior [ RunTime:0.000000s ]
INFO: [ app_init ] --END-- [ RunTime:0.000000s ]
INFO: [ app_begin ] --START--
INFO: Run Behavior\ReadHtmlCacheBehavior [ RunTime:0.010000s ]
INFO: [ app_begin ] --END-- [ RunTime:0.010000s ]
NOTIC: [2] fopen(D:\BHXZ\BHWebServer\Apache24\htdocs\thinkphp_3.2.3_full\Application\Home\Model/UTFWry.dat): failed to open stream: No such file or directory D:\BHXZ\BHWebServer\Apache24\htdocs\thinkphp_3.2.3_full\Application\Home\Model\IpLocation.class.php 第 42 行.
INFO: [ view_parse ] --START--
INFO: [ template_filter ] --START--
INFO: Run Behavior\ContentReplaceBehavior [ RunTime:0.000000s ]
INFO: [ template_filter ] --END-- [ RunTime:0.000000s ]
NOTIC: [8] Use of undefined constant index - assumed 'index' D:\BHXZ\BHWebServer\Apache24\htdocs\thinkphp_3.2.3_full\Application\Runtime\Cache\Home\2a94b8bda04ff446dcedd42276fc99ee.php 第 13 行.
NOTIC: [8] Undefined variable: list D:\BHXZ\BHWebServer\Apache24\htdocs\thinkphp_3.2.3_full\Application\Runtime\Cache\Home\2a94b8bda04ff446dcedd42276fc99ee.php 第 19 行.
NOTIC: [8] Use of undefined constant add - assumed 'add' D:\BHXZ\BHWebServer\Apache24\htdocs\thinkphp_3.2.3_full\Application\Runtime\Cache\Home\2a94b8bda04ff446dcedd42276fc99ee.php 第 32 行.
NOTIC: [8] Use of undefined constant del - assumed 'del' D:\BHXZ\BHWebServer\Apache24\htdocs\thinkphp_3.2.3_full\Application\Runtime\Cache\Home\2a94b8bda04ff446dcedd42276fc99ee.php 第 38 行.
NOTIC: [8] Use of undefined constant edit - assumed 'edit' D:\BHXZ\BHWebServer\Apache24\htdocs\thinkphp_3.2.3_full\Application\Runtime\Cache\Home\2a94b8bda04ff446dcedd42276fc99ee.php 第 52 行.
INFO: Run Behavior\ParseTemplateBehavior [ RunTime:0.005001s ]
INFO: [ view_parse ] --END-- [ RunTime:0.005001s ]
INFO: [ view_filter ] --START--
INFO: Run Behavior\WriteHtmlCacheBehavior [ RunTime:0.000000s ]
INFO: [ view_filter ] --END-- [ RunTime:0.000000s ]
INFO: [ app_end ] --START--
INFO: Run Behavior\ShowPageTraceBehavior [ RunTime:0.001000s ]
INFO: [ app_end ] --END-- [ RunTime:0.001000s ]

[ 2016-10-18T10:14:15+08:00 ] 127.0.0.1 /thinkphp_3.2.3_full/
INFO: [ app_init ] --START--
INFO: Run Behavior\BuildLiteBehavior [ RunTime:0.000000s ]
INFO: [ app_init ] --END-- [ RunTime:0.000000s ]
INFO: [ app_begin ] --START--
INFO: Run Behavior\ReadHtmlCacheBehavior [ RunTime:0.000000s ]
INFO: [ app_begin ] --END-- [ RunTime:0.000000s ]
NOTIC: [2] fopen(D:\BHXZ\BHWebServer\Apache24\htdocs\thinkphp_3.2.3_full\Application\Home\Model/UTFWry.dat): failed to open stream: No such file or directory D:\BHXZ\BHWebServer\Apache24\htdocs\thinkphp_3.2.3_full\Application\Home\Model\IpLocation.class.php 第 42 行.
INFO: [ view_parse ] --START--
INFO: [ template_filter ] --START--
INFO: Run Behavior\ContentReplaceBehavior [ RunTime:0.000000s ]
INFO: [ template_filter ] --END-- [ RunTime:0.000000s ]
NOTIC: [8] Use of undefined constant index - assumed 'index' D:\BHXZ\BHWebServer\Apache24\htdocs\thinkphp_3.2.3_full\Application\Runtime\Cache\Home\2a94b8bda04ff446dcedd42276fc99ee.php 第 13 行.
NOTIC: [8] Undefined variable: list D:\BHXZ\BHWebServer\Apache24\htdocs\thinkphp_3.2.3_full\Application\Runtime\Cache\Home\2a94b8bda04ff446dcedd42276fc99ee.php 第 19 行.
NOTIC: [8] Use of undefined constant add - assumed 'add' D:\BHXZ\BHWebServer\Apache24\htdocs\thinkphp_3.2.3_full\Application\Runtime\Cache\Home\2a94b8bda04ff446dcedd42276fc99ee.php 第 32 行.
NOTIC: [8] Use of undefined constant del - assumed 'del' D:\BHXZ\BHWebServer\Apache24\htdocs\thinkphp_3.2.3_full\Application\Runtime\Cache\Home\2a94b8bda04ff446dcedd42276fc99ee.php 第 38 行.
NOTIC: [8] Use of undefined constant edit - assumed 'edit' D:\BHXZ\BHWebServer\Apache24\htdocs\thinkphp_3.2.3_full\Application\Runtime\Cache\Home\2a94b8bda04ff446dcedd42276fc99ee.php 第 52 行.
INFO: Run Behavior\ParseTemplateBehavior [ RunTime:0.005000s ]
INFO: [ view_parse ] --END-- [ RunTime:0.005000s ]
INFO: [ view_filter ] --START--
INFO: Run Behavior\WriteHtmlCacheBehavior [ RunTime:0.000000s ]
INFO: [ view_filter ] --END-- [ RunTime:0.000000s ]
INFO: [ app_end ] --START--
INFO: Run Behavior\ShowPageTraceBehavior [ RunTime:0.001000s ]
INFO: [ app_end ] --END-- [ RunTime:0.001000s ]

[ 2016-10-18T10:14:15+08:00 ] 127.0.0.1 /thinkphp_3.2.3_full/
INFO: [ app_init ] --START--
INFO: Run Behavior\BuildLiteBehavior [ RunTime:0.000000s ]
INFO: [ app_init ] --END-- [ RunTime:0.000000s ]
INFO: [ app_begin ] --START--
INFO: Run Behavior\ReadHtmlCacheBehavior [ RunTime:0.000000s ]
INFO: [ app_begin ] --END-- [ RunTime:0.000000s ]
NOTIC: [2] fopen(D:\BHXZ\BHWebServer\Apache24\htdocs\thinkphp_3.2.3_full\Application\Home\Model/UTFWry.dat): failed to open stream: No such file or directory D:\BHXZ\BHWebServer\Apache24\htdocs\thinkphp_3.2.3_full\Application\Home\Model\IpLocation.class.php 第 42 行.
INFO: [ view_parse ] --START--
INFO: [ template_filter ] --START--
INFO: Run Behavior\ContentReplaceBehavior [ RunTime:0.000000s ]
INFO: [ template_filter ] --END-- [ RunTime:0.001000s ]
NOTIC: [8] Use of undefined constant index - assumed 'index' D:\BHXZ\BHWebServer\Apache24\htdocs\thinkphp_3.2.3_full\Application\Runtime\Cache\Home\2a94b8bda04ff446dcedd42276fc99ee.php 第 13 行.
NOTIC: [8] Undefined variable: list D:\BHXZ\BHWebServer\Apache24\htdocs\thinkphp_3.2.3_full\Application\Runtime\Cache\Home\2a94b8bda04ff446dcedd42276fc99ee.php 第 19 行.
NOTIC: [8] Use of undefined constant add - assumed 'add' D:\BHXZ\BHWebServer\Apache24\htdocs\thinkphp_3.2.3_full\Application\Runtime\Cache\Home\2a94b8bda04ff446dcedd42276fc99ee.php 第 32 行.
NOTIC: [8] Use of undefined constant del - assumed 'del' D:\BHXZ\BHWebServer\Apache24\htdocs\thinkphp_3.2.3_full\Application\Runtime\Cache\Home\2a94b8bda04ff446dcedd42276fc99ee.php 第 38 行.
NOTIC: [8] Use of undefined constant edit - assumed 'edit' D:\BHXZ\BHWebServer\Apache24\htdocs\thinkphp_3.2.3_full\Application\Runtime\Cache\Home\2a94b8bda04ff446dcedd42276fc99ee.php 第 52 行.
INFO: Run Behavior\ParseTemplateBehavior [ RunTime:0.006001s ]
INFO: [ view_parse ] --END-- [ RunTime:0.006001s ]
INFO: [ view_filter ] --START--
INFO: Run Behavior\WriteHtmlCacheBehavior [ RunTime:0.000000s ]
INFO: [ view_filter ] --END-- [ RunTime:0.000000s ]
INFO: [ app_end ] --START--
INFO: Run Behavior\ShowPageTraceBehavior [ RunTime:0.001000s ]
INFO: [ app_end ] --END-- [ RunTime:0.001000s ]

[ 2016-10-18T10:14:15+08:00 ] 127.0.0.1 /thinkphp_3.2.3_full/
INFO: [ app_init ] --START--
INFO: Run Behavior\BuildLiteBehavior [ RunTime:0.000000s ]
INFO: [ app_init ] --END-- [ RunTime:0.000000s ]
INFO: [ app_begin ] --START--
INFO: Run Behavior\ReadHtmlCacheBehavior [ RunTime:0.000000s ]
INFO: [ app_begin ] --END-- [ RunTime:0.000000s ]
NOTIC: [2] fopen(D:\BHXZ\BHWebServer\Apache24\htdocs\thinkphp_3.2.3_full\Application\Home\Model/UTFWry.dat): failed to open stream: No such file or directory D:\BHXZ\BHWebServer\Apache24\htdocs\thinkphp_3.2.3_full\Application\Home\Model\IpLocation.class.php 第 42 行.
INFO: [ view_parse ] --START--
INFO: [ template_filter ] --START--
INFO: Run Behavior\ContentReplaceBehavior [ RunTime:0.000000s ]
INFO: [ template_filter ] --END-- [ RunTime:0.000000s ]
NOTIC: [8] Use of undefined constant index - assumed 'index' D:\BHXZ\BHWebServer\Apache24\htdocs\thinkphp_3.2.3_full\Application\Runtime\Cache\Home\2a94b8bda04ff446dcedd42276fc99ee.php 第 13 行.
NOTIC: [8] Undefined variable: list D:\BHXZ\BHWebServer\Apache24\htdocs\thinkphp_3.2.3_full\Application\Runtime\Cache\Home\2a94b8bda04ff446dcedd42276fc99ee.php 第 19 行.
NOTIC: [8] Use of undefined constant add - assumed 'add' D:\BHXZ\BHWebServer\Apache24\htdocs\thinkphp_3.2.3_full\Application\Runtime\Cache\Home\2a94b8bda04ff446dcedd42276fc99ee.php 第 32 行.
NOTIC: [8] Use of undefined constant del - assumed 'del' D:\BHXZ\BHWebServer\Apache24\htdocs\thinkphp_3.2.3_full\Application\Runtime\Cache\Home\2a94b8bda04ff446dcedd42276fc99ee.php 第 38 行.
NOTIC: [8] Use of undefined constant edit - assumed 'edit' D:\BHXZ\BHWebServer\Apache24\htdocs\thinkphp_3.2.3_full\Application\Runtime\Cache\Home\2a94b8bda04ff446dcedd42276fc99ee.php 第 52 行.
INFO: Run Behavior\ParseTemplateBehavior [ RunTime:0.005000s ]
INFO: [ view_parse ] --END-- [ RunTime:0.005000s ]
INFO: [ view_filter ] --START--
INFO: Run Behavior\WriteHtmlCacheBehavior [ RunTime:0.001000s ]
INFO: [ view_filter ] --END-- [ RunTime:0.001000s ]
INFO: [ app_end ] --START--
INFO: Run Behavior\ShowPageTraceBehavior [ RunTime:0.000000s ]
INFO: [ app_end ] --END-- [ RunTime:0.000000s ]

[ 2016-10-18T10:14:16+08:00 ] 127.0.0.1 /thinkphp_3.2.3_full/
INFO: [ app_init ] --START--
INFO: Run Behavior\BuildLiteBehavior [ RunTime:0.000000s ]
INFO: [ app_init ] --END-- [ RunTime:0.000000s ]
INFO: [ app_begin ] --START--
INFO: Run Behavior\ReadHtmlCacheBehavior [ RunTime:0.000000s ]
INFO: [ app_begin ] --END-- [ RunTime:0.000000s ]
NOTIC: [2] fopen(D:\BHXZ\BHWebServer\Apache24\htdocs\thinkphp_3.2.3_full\Application\Home\Model/UTFWry.dat): failed to open stream: No such file or directory D:\BHXZ\BHWebServer\Apache24\htdocs\thinkphp_3.2.3_full\Application\Home\Model\IpLocation.class.php 第 42 行.
INFO: [ view_parse ] --START--
INFO: [ template_filter ] --START--
INFO: Run Behavior\ContentReplaceBehavior [ RunTime:0.000000s ]
INFO: [ template_filter ] --END-- [ RunTime:0.000000s ]
NOTIC: [8] Use of undefined constant index - assumed 'index' D:\BHXZ\BHWebServer\Apache24\htdocs\thinkphp_3.2.3_full\Application\Runtime\Cache\Home\2a94b8bda04ff446dcedd42276fc99ee.php 第 13 行.
NOTIC: [8] Undefined variable: list D:\BHXZ\BHWebServer\Apache24\htdocs\thinkphp_3.2.3_full\Application\Runtime\Cache\Home\2a94b8bda04ff446dcedd42276fc99ee.php 第 19 行.
NOTIC: [8] Use of undefined constant add - assumed 'add' D:\BHXZ\BHWebServer\Apache24\htdocs\thinkphp_3.2.3_full\Application\Runtime\Cache\Home\2a94b8bda04ff446dcedd42276fc99ee.php 第 32 行.
NOTIC: [8] Use of undefined constant del - assumed 'del' D:\BHXZ\BHWebServer\Apache24\htdocs\thinkphp_3.2.3_full\Application\Runtime\Cache\Home\2a94b8bda04ff446dcedd42276fc99ee.php 第 38 行.
NOTIC: [8] Use of undefined constant edit - assumed 'edit' D:\BHXZ\BHWebServer\Apache24\htdocs\thinkphp_3.2.3_full\Application\Runtime\Cache\Home\2a94b8bda04ff446dcedd42276fc99ee.php 第 52 行.
INFO: Run Behavior\ParseTemplateBehavior [ RunTime:0.014000s ]
INFO: [ view_parse ] --END-- [ RunTime:0.014000s ]
INFO: [ view_filter ] --START--
INFO: Run Behavior\WriteHtmlCacheBehavior [ RunTime:0.000000s ]
INFO: [ view_filter ] --END-- [ RunTime:0.000000s ]
INFO: [ app_end ] --START--
INFO: Run Behavior\ShowPageTraceBehavior [ RunTime:0.001000s ]
INFO: [ app_end ] --END-- [ RunTime:0.001000s ]

[ 2016-10-18T10:14:16+08:00 ] 127.0.0.1 /thinkphp_3.2.3_full/
INFO: [ app_init ] --START--
INFO: Run Behavior\BuildLiteBehavior [ RunTime:0.000000s ]
INFO: [ app_init ] --END-- [ RunTime:0.000000s ]
INFO: [ app_begin ] --START--
INFO: Run Behavior\ReadHtmlCacheBehavior [ RunTime:0.000000s ]
INFO: [ app_begin ] --END-- [ RunTime:0.000000s ]
NOTIC: [2] fopen(D:\BHXZ\BHWebServer\Apache24\htdocs\thinkphp_3.2.3_full\Application\Home\Model/UTFWry.dat): failed to open stream: No such file or directory D:\BHXZ\BHWebServer\Apache24\htdocs\thinkphp_3.2.3_full\Application\Home\Model\IpLocation.class.php 第 42 行.
INFO: [ view_parse ] --START--
INFO: [ template_filter ] --START--
INFO: Run Behavior\ContentReplaceBehavior [ RunTime:0.000000s ]
INFO: [ template_filter ] --END-- [ RunTime:0.000000s ]
NOTIC: [8] Use of undefined constant index - assumed 'index' D:\BHXZ\BHWebServer\Apache24\htdocs\thinkphp_3.2.3_full\Application\Runtime\Cache\Home\2a94b8bda04ff446dcedd42276fc99ee.php 第 13 行.
NOTIC: [8] Undefined variable: list D:\BHXZ\BHWebServer\Apache24\htdocs\thinkphp_3.2.3_full\Application\Runtime\Cache\Home\2a94b8bda04ff446dcedd42276fc99ee.php 第 19 行.
NOTIC: [8] Use of undefined constant add - assumed 'add' D:\BHXZ\BHWebServer\Apache24\htdocs\thinkphp_3.2.3_full\Application\Runtime\Cache\Home\2a94b8bda04ff446dcedd42276fc99ee.php 第 32 行.
NOTIC: [8] Use of undefined constant del - assumed 'del' D:\BHXZ\BHWebServer\Apache24\htdocs\thinkphp_3.2.3_full\Application\Runtime\Cache\Home\2a94b8bda04ff446dcedd42276fc99ee.php 第 38 行.
NOTIC: [8] Use of undefined constant edit - assumed 'edit' D:\BHXZ\BHWebServer\Apache24\htdocs\thinkphp_3.2.3_full\Application\Runtime\Cache\Home\2a94b8bda04ff446dcedd42276fc99ee.php 第 52 行.
INFO: Run Behavior\ParseTemplateBehavior [ RunTime:0.005000s ]
INFO: [ view_parse ] --END-- [ RunTime:0.005000s ]
INFO: [ view_filter ] --START--
INFO: Run Behavior\WriteHtmlCacheBehavior [ RunTime:0.000000s ]
INFO: [ view_filter ] --END-- [ RunTime:0.000000s ]
INFO: [ app_end ] --START--
INFO: Run Behavior\ShowPageTraceBehavior [ RunTime:0.000000s ]
INFO: [ app_end ] --END-- [ RunTime:0.001000s ]

[ 2016-10-18T10:14:16+08:00 ] 127.0.0.1 /thinkphp_3.2.3_full/
INFO: [ app_init ] --START--
INFO: Run Behavior\BuildLiteBehavior [ RunTime:0.000000s ]
INFO: [ app_init ] --END-- [ RunTime:0.000000s ]
INFO: [ app_begin ] --START--
INFO: Run Behavior\ReadHtmlCacheBehavior [ RunTime:0.000000s ]
INFO: [ app_begin ] --END-- [ RunTime:0.000000s ]
NOTIC: [2] fopen(D:\BHXZ\BHWebServer\Apache24\htdocs\thinkphp_3.2.3_full\Application\Home\Model/UTFWry.dat): failed to open stream: No such file or directory D:\BHXZ\BHWebServer\Apache24\htdocs\thinkphp_3.2.3_full\Application\Home\Model\IpLocation.class.php 第 42 行.
INFO: [ view_parse ] --START--
INFO: [ template_filter ] --START--
INFO: Run Behavior\ContentReplaceBehavior [ RunTime:0.000000s ]
INFO: [ template_filter ] --END-- [ RunTime:0.000000s ]
NOTIC: [8] Use of undefined constant index - assumed 'index' D:\BHXZ\BHWebServer\Apache24\htdocs\thinkphp_3.2.3_full\Application\Runtime\Cache\Home\2a94b8bda04ff446dcedd42276fc99ee.php 第 13 行.
NOTIC: [8] Undefined variable: list D:\BHXZ\BHWebServer\Apache24\htdocs\thinkphp_3.2.3_full\Application\Runtime\Cache\Home\2a94b8bda04ff446dcedd42276fc99ee.php 第 19 行.
NOTIC: [8] Use of undefined constant add - assumed 'add' D:\BHXZ\BHWebServer\Apache24\htdocs\thinkphp_3.2.3_full\Application\Runtime\Cache\Home\2a94b8bda04ff446dcedd42276fc99ee.php 第 32 行.
NOTIC: [8] Use of undefined constant del - assumed 'del' D:\BHXZ\BHWebServer\Apache24\htdocs\thinkphp_3.2.3_full\Application\Runtime\Cache\Home\2a94b8bda04ff446dcedd42276fc99ee.php 第 38 行.
NOTIC: [8] Use of undefined constant edit - assumed 'edit' D:\BHXZ\BHWebServer\Apache24\htdocs\thinkphp_3.2.3_full\Application\Runtime\Cache\Home\2a94b8bda04ff446dcedd42276fc99ee.php 第 52 行.
INFO: Run Behavior\ParseTemplateBehavior [ RunTime:0.005000s ]
INFO: [ view_parse ] --END-- [ RunTime:0.005000s ]
INFO: [ view_filter ] --START--
INFO: Run Behavior\WriteHtmlCacheBehavior [ RunTime:0.000000s ]
INFO: [ view_filter ] --END-- [ RunTime:0.000000s ]
INFO: [ app_end ] --START--
INFO: Run Behavior\ShowPageTraceBehavior [ RunTime:0.001000s ]
INFO: [ app_end ] --END-- [ RunTime:0.001000s ]

