[ 2016-09-18T11:38:03+08:00 ] ::1 /thinkphp_3.2.3_full/js/test.js
INFO: [ app_init ] --START--
INFO: Run Behavior\BuildLiteBehavior [ RunTime:0.000000s ]
INFO: [ app_init ] --END-- [ RunTime:0.001000s ]
ERR: 无法加载模块:Js

[ 2016-09-18T11:38:04+08:00 ] ::1 /thinkphp_3.2.3_full/js/test.js
INFO: [ app_init ] --START--
INFO: Run Behavior\BuildLiteBehavior [ RunTime:0.000000s ]
INFO: [ app_init ] --END-- [ RunTime:0.001000s ]
ERR: 无法加载模块:Js

[ 2016-09-18T11:42:43+08:00 ] ::1 /thinkphp_3.2.3_full/js/test.js
INFO: [ app_init ] --START--
INFO: Run Behavior\BuildLiteBehavior [ RunTime:0.000000s ]
INFO: [ app_init ] --END-- [ RunTime:0.001000s ]
ERR: 无法加载模块:Js

[ 2016-09-18T11:44:13+08:00 ] ::1 /thinkphp_3.2.3_full/js/test.js
INFO: [ app_init ] --START--
INFO: Run Behavior\BuildLiteBehavior [ RunTime:0.000000s ]
INFO: [ app_init ] --END-- [ RunTime:0.001000s ]
ERR: 无法加载模块:Js

[ 2016-09-18T14:39:46+08:00 ] 127.0.0.1 /thinkphp_3.2.3_full/edit
INFO: [ app_init ] --START--
INFO: Run Behavior\BuildLiteBehavior [ RunTime:0.000000s ]
INFO: [ app_init ] --END-- [ RunTime:0.001000s ]
ERR: 无法加载模块:Edit

[ 2016-09-18T14:43:42+08:00 ] 127.0.0.1 /thinkphp_3.2.3_full/add
INFO: [ app_init ] --START--
INFO: Run Behavior\BuildLiteBehavior [ RunTime:0.000000s ]
INFO: [ app_init ] --END-- [ RunTime:0.001000s ]
ERR: 无法加载模块:Add

[ 2016-09-18T14:51:23+08:00 ] 127.0.0.1 /thinkphp_3.2.3_full/del?id=1
INFO: [ app_init ] --START--
INFO: Run Behavior\BuildLiteBehavior [ RunTime:0.000000s ]
INFO: [ app_init ] --END-- [ RunTime:0.001000s ]
ERR: 无法加载模块:Del

[ 2016-09-18T14:51:49+08:00 ] 127.0.0.1 /thinkphp_3.2.3_full/index/del?id=1
INFO: [ app_init ] --START--
INFO: Run Behavior\BuildLiteBehavior [ RunTime:0.000000s ]
INFO: [ app_init ] --END-- [ RunTime:0.000000s ]
ERR: 无法加载模块:Index

[ 2016-09-18T14:52:39+08:00 ] 127.0.0.1 /thinkphp_3.2.3_full/index
INFO: [ app_init ] --START--
INFO: Run Behavior\BuildLiteBehavior [ RunTime:0.000000s ]
INFO: [ app_init ] --END-- [ RunTime:0.001000s ]
ERR: 无法加载模块:Index

[ 2016-09-18T14:53:01+08:00 ] 127.0.0.1 /thinkphp_3.2.3_full/index/index.html
INFO: [ app_init ] --START--
INFO: Run Behavior\BuildLiteBehavior [ RunTime:0.000000s ]
INFO: [ app_init ] --END-- [ RunTime:0.001000s ]
ERR: 无法加载模块:Index

[ 2016-09-18T14:53:38+08:00 ] 127.0.0.1 /thinkphp_3.2.3_full/del?id=1
INFO: [ app_init ] --START--
INFO: Run Behavior\BuildLiteBehavior [ RunTime:0.000000s ]
INFO: [ app_init ] --END-- [ RunTime:0.002000s ]
ERR: 无法加载模块:Del

[ 2016-09-18T15:07:00+08:00 ] 127.0.0.1 /thinkphp_3.2.3_full/add
INFO: [ app_init ] --START--
INFO: Run Behavior\BuildLiteBehavior [ RunTime:0.000000s ]
INFO: [ app_init ] --END-- [ RunTime:0.001000s ]
ERR: 无法加载模块:Add

[ 2016-09-18T15:59:40+08:00 ] 127.0.0.1 /thinkphp_3.2.3_full/edit?id=9
INFO: [ app_init ] --START--
INFO: Run Behavior\BuildLiteBehavior [ RunTime:0.000000s ]
INFO: [ app_init ] --END-- [ RunTime:0.001000s ]
ERR: 无法加载模块:Edit

[ 2016-09-18T15:59:59+08:00 ] 127.0.0.1 /thinkphp_3.2.3_full/edit?id=1
INFO: [ app_init ] --START--
INFO: Run Behavior\BuildLiteBehavior [ RunTime:0.000000s ]
INFO: [ app_init ] --END-- [ RunTime:0.000000s ]
ERR: 无法加载模块:Edit

[ 2016-09-18T16:00:53+08:00 ] 127.0.0.1 /thinkphp_3.2.3_full/edit?id=1
INFO: [ app_init ] --START--
INFO: Run Behavior\BuildLiteBehavior [ RunTime:0.001000s ]
INFO: [ app_init ] --END-- [ RunTime:0.001000s ]
ERR: 无法加载模块:Edit

[ 2016-09-18T16:00:56+08:00 ] 127.0.0.1 /thinkphp_3.2.3_full/edit?id=9
INFO: [ app_init ] --START--
INFO: Run Behavior\BuildLiteBehavior [ RunTime:0.000000s ]
INFO: [ app_init ] --END-- [ RunTime:0.001000s ]
ERR: 无法加载模块:Edit

[ 2016-09-18T16:15:23+08:00 ] 127.0.0.1 /thinkphp_3.2.3_full/edit?id=1
INFO: [ app_init ] --START--
INFO: Run Behavior\BuildLiteBehavior [ RunTime:0.000000s ]
INFO: [ app_init ] --END-- [ RunTime:0.000000s ]
ERR: 无法加载模块:Edit

[ 2016-09-18T16:16:25+08:00 ] 127.0.0.1 /thinkphp_3.2.3_full/edit?id=1
INFO: [ app_init ] --START--
INFO: Run Behavior\BuildLiteBehavior [ RunTime:0.000000s ]
INFO: [ app_init ] --END-- [ RunTime:0.001000s ]
ERR: 无法加载模块:Edit

[ 2016-09-18T16:27:35+08:00 ] 127.0.0.1 /thinkphp_3.2.3_full/edit?id=9
INFO: [ app_init ] --START--
INFO: Run Behavior\BuildLiteBehavior [ RunTime:0.000000s ]
INFO: [ app_init ] --END-- [ RunTime:0.001000s ]
ERR: 无法加载模块:Edit

[ 2016-09-18T16:41:21+08:00 ] 127.0.0.1 /thinkphp_3.2.3_full/edit?id=1
INFO: [ app_init ] --START--
INFO: Run Behavior\BuildLiteBehavior [ RunTime:0.000000s ]
INFO: [ app_init ] --END-- [ RunTime:0.000000s ]
ERR: 无法加载模块:Edit

[ 2016-09-18T16:41:35+08:00 ] 127.0.0.1 /thinkphp_3.2.3_full/edit?id=2
INFO: [ app_init ] --START--
INFO: Run Behavior\BuildLiteBehavior [ RunTime:0.000000s ]
INFO: [ app_init ] --END-- [ RunTime:0.000000s ]
ERR: 无法加载模块:Edit

