[ 2017-11-15T16:56:57+08:00 ] 127.0.0.1 /thinkphp/_PUBLIC/js/bootstrap-fileupload/bootstrap.min.css
INFO: [ app_init ] --START--
INFO: Run Behavior\BuildLiteBehavior [ RunTime:0.000000s ]
INFO: [ app_init ] --END-- [ RunTime:0.000000s ]
ERR: 无法加载模块:Thinkphp

[ 2017-11-15T16:56:58+08:00 ] 127.0.0.1 /thinkphp/_PUBLIC/js/webuploader/jquery.min.js
INFO: [ app_init ] --START--
INFO: Run Behavior\BuildLiteBehavior [ RunTime:0.000000s ]
INFO: [ app_init ] --END-- [ RunTime:0.001000s ]
ERR: 无法加载模块:Thinkphp

[ 2017-11-15T16:56:58+08:00 ] 127.0.0.1 /thinkphp/_PUBLIC/js/webuploader/webuploader.css
INFO: [ app_init ] --START--
INFO: Run Behavior\BuildLiteBehavior [ RunTime:0.000000s ]
INFO: [ app_init ] --END-- [ RunTime:0.001000s ]
ERR: 无法加载模块:Thinkphp

[ 2017-11-15T16:56:58+08:00 ] 127.0.0.1 /thinkphp/_PUBLIC/js/webuploader/webuploader.js
INFO: [ app_init ] --START--
INFO: Run Behavior\BuildLiteBehavior [ RunTime:0.000000s ]
INFO: [ app_init ] --END-- [ RunTime:0.000000s ]
ERR: 无法加载模块:Thinkphp

[ 2017-11-15T16:56:58+08:00 ] 127.0.0.1 /thinkphp/_PUBLIC/js/bootstrap-fileupload/bootstrap.min.js
INFO: [ app_init ] --START--
INFO: Run Behavior\BuildLiteBehavior [ RunTime:0.000000s ]
INFO: [ app_init ] --END-- [ RunTime:0.000000s ]
ERR: 无法加载模块:Thinkphp

[ 2017-11-15T17:11:05+08:00 ] 127.0.0.1 /thinkphp/_PUBLIC/js/webuploader/webuploader.css
INFO: [ app_init ] --START--
INFO: Run Behavior\BuildLiteBehavior [ RunTime:0.000000s ]
INFO: [ app_init ] --END-- [ RunTime:0.000000s ]
ERR: 无法加载模块:Thinkphp

[ 2017-11-15T17:11:05+08:00 ] 127.0.0.1 /thinkphp/_PUBLIC/js/bootstrap-fileupload/bootstrap.min.css
INFO: [ app_init ] --START--
INFO: Run Behavior\BuildLiteBehavior [ RunTime:0.000000s ]
INFO: [ app_init ] --END-- [ RunTime:0.000000s ]
ERR: 无法加载模块:Thinkphp

[ 2017-11-15T17:12:25+08:00 ] 127.0.0.1 /thinkphp/__PUBLIC/js/webuploader/webuploader.css
INFO: [ app_init ] --START--
INFO: Run Behavior\BuildLiteBehavior [ RunTime:0.000000s ]
INFO: [ app_init ] --END-- [ RunTime:0.000000s ]
ERR: 无法加载模块:Thinkphp

[ 2017-11-15T17:12:25+08:00 ] 127.0.0.1 /thinkphp/__PUBLIC/js/webuploader/jquery.min.js
INFO: [ app_init ] --START--
INFO: Run Behavior\BuildLiteBehavior [ RunTime:0.000000s ]
INFO: [ app_init ] --END-- [ RunTime:0.001001s ]
ERR: 无法加载模块:Thinkphp

[ 2017-11-15T17:12:26+08:00 ] 127.0.0.1 /thinkphp/__PUBLIC/js/bootstrap-fileupload/bootstrap.min.js
INFO: [ app_init ] --START--
INFO: Run Behavior\BuildLiteBehavior [ RunTime:0.000000s ]
INFO: [ app_init ] --END-- [ RunTime:0.001000s ]
ERR: 无法加载模块:Thinkphp

[ 2017-11-15T17:12:26+08:00 ] 127.0.0.1 /thinkphp/__PUBLIC/js/bootstrap-fileupload/bootstrap.min.css
INFO: [ app_init ] --START--
INFO: Run Behavior\BuildLiteBehavior [ RunTime:0.000000s ]
INFO: [ app_init ] --END-- [ RunTime:0.001000s ]
ERR: 无法加载模块:Thinkphp

[ 2017-11-15T17:12:26+08:00 ] 127.0.0.1 /thinkphp/__PUBLIC/js/webuploader/webuploader.js
INFO: [ app_init ] --START--
INFO: Run Behavior\BuildLiteBehavior [ RunTime:0.000000s ]
INFO: [ app_init ] --END-- [ RunTime:0.001000s ]
ERR: 无法加载模块:Thinkphp

[ 2017-11-15T17:12:26+08:00 ] 127.0.0.1 /thinkphp/__PUBLIC/js/bootstrap-fileupload/bootstrap.min.js
INFO: [ app_init ] --START--
INFO: Run Behavior\BuildLiteBehavior [ RunTime:0.000000s ]
INFO: [ app_init ] --END-- [ RunTime:0.000000s ]
ERR: 无法加载模块:Thinkphp

[ 2017-11-15T17:14:37+08:00 ] 127.0.0.1 /thinkphp/fileupload.php
INFO: [ app_init ] --START--
INFO: Run Behavior\BuildLiteBehavior [ RunTime:0.000000s ]
INFO: [ app_init ] --END-- [ RunTime:0.000000s ]
ERR: 无法加载模块:Thinkphp

[ 2017-11-15T17:15:36+08:00 ] 127.0.0.1 /thinkphp/fileupload.php
INFO: [ app_init ] --START--
INFO: Run Behavior\BuildLiteBehavior [ RunTime:0.000000s ]
INFO: [ app_init ] --END-- [ RunTime:0.001000s ]
ERR: 无法加载模块:Thinkphp

